[21:56:51] [main/INFO] ========================================
[21:56:51] [main/INFO] Minecraft: 1.20.1
[21:56:51] [main/INFO] Side: server
[21:56:51] [main/INFO] Development: false
[21:56:51] [main/INFO] Version: 12.1.725
[21:56:51] [main/INFO] Loader:
[21:56:51] [main/INFO] - Fabric: 0.16.0
[21:56:51] [main/INFO] - Fabric API: 0.92.2+1.20.1
[21:56:51] [main/INFO] Dependencies:
[21:56:51] [main/INFO] - Cloth Config: 11.1.118
[21:56:51] [main/INFO] - Architectury: 9.2.14
[21:56:51] [main/INFO] Mixin: 0.8.7
[21:56:51] [main/INFO] OS: Windows 11 10.0 (amd64)
[21:56:51] [main/INFO] Java: 21.0.4 (Oracle Corporation)
[21:56:51] [main/INFO] ========================================
[21:56:51] [main/INFO] Mods:
[21:56:51] [main/INFO] - adventurez: 1.4.20
[21:56:51] [main/INFO] - another_furniture: 1.20.1-3.0.1
[21:56:51] [main/INFO] - antique-atlas: 2.9.13+1.20
[21:56:51] [main/INFO] - aquamirae: 6
[21:56:51] [main/INFO] - architectury: 9.2.14
[21:56:51] [main/INFO] - athena: 3.1.1
[21:56:51] [main/INFO] - attributefix: 21.0.4
[21:56:51] [main/INFO] - backported_wolves: 1.1.0-1.19.3-1.20.4
[21:56:51] [main/INFO] - beaconoverhaul: 1.8.4+1.20
[21:56:51] [main/INFO] - bestylewither: 1.6.1
[21:56:51] [main/INFO] - betterdeserttemples: 1.20-Fabric-3.0.3
[21:56:51] [main/INFO] - betterdungeons: 1.20-Fabric-4.0.4
[21:56:51] [main/INFO] - betterendisland: 1.20-Fabric-2.0.6
[21:56:51] [main/INFO] - betterfortresses: 1.20-Fabric-2.0.6
[21:56:51] [main/INFO] - betterjungletemples: 1.20-Fabric-2.0.5
[21:56:51] [main/INFO] - bettermineshafts: 1.20-Fabric-4.0.4
[21:56:51] [main/INFO] - betteroceanmonuments: 1.20-Fabric-3.0.4
[21:56:51] [main/INFO] - bettertrims: 2.3.1
[21:56:51] [main/INFO] - betterwitchhuts: 1.20-Fabric-3.0.3
[21:56:51] [main/INFO] - blue_endless_jankson: 1.2.3
[21:56:51] [main/INFO] - bookshelf: 20.2.13
[21:56:51] [main/INFO] - bosses_of_mass_destruction: 1.7.5-1.20.1
[21:56:51] [main/INFO] - c2me: 0.2.0+alpha.11.5
[21:56:51] [main/INFO] - c2me-base: 0.2.0+alpha.11.5
[21:56:51] [main/INFO] - c2me-fixes-chunkio-threading-issues: 0.2.0+alpha.11.5
[21:56:51] [main/INFO] - c2me-fixes-general-threading-issues: 0.2.0+alpha.11.5
[21:56:51] [main/INFO] - c2me-fixes-worldgen-threading-issues: 0.2.0+alpha.11.5
[21:56:51] [main/INFO] - c2me-fixes-worldgen-vanilla-bugs: 0.2.0+alpha.11.5
[21:56:51] [main/INFO] - c2me-notickvd: 0.2.0+alpha.11.5
[21:56:51] [main/INFO] - c2me-opts-allocs: 0.2.0+alpha.11.5
[21:56:51] [main/INFO] - c2me-opts-chunk-access: 0.2.0+alpha.11.5
[21:56:51] [main/INFO] - c2me-opts-chunkio: 0.2.0+alpha.11.5
[21:56:51] [main/INFO] - c2me-opts-math: 0.2.0+alpha.11.5
[21:56:51] [main/INFO] - c2me-opts-scheduling: 0.2.0+alpha.11.5
[21:56:51] [main/INFO] - c2me-opts-worldgen-general: 0.2.0+alpha.11.5
[21:56:51] [main/INFO] - c2me-opts-worldgen-vanilla: 0.2.0+alpha.11.5
[21:56:51] [main/INFO] - c2me-rewrites-chunk-serializer: 0.2.0+alpha.11.5
[21:56:51] [main/INFO] - c2me-rewrites-chunkio: 0.2.0+alpha.11.5
[21:56:51] [main/INFO] - c2me-server-utils: 0.2.0+alpha.11.5
[21:56:51] [main/INFO] - c2me-threading-chunkio: 0.2.0+alpha.11.5
[21:56:51] [main/INFO] - c2me-threading-lighting: 0.2.0+alpha.11.5
[21:56:51] [main/INFO] - c2me-threading-worldgen: 0.2.0+alpha.11.5
[21:56:51] [main/INFO] - cardinal-components: 5.2.2
[21:56:51] [main/INFO] - cardinal-components-base: 5.2.2
[21:56:51] [main/INFO] - cardinal-components-block: 5.2.2
[21:56:51] [main/INFO] - cardinal-components-chunk: 5.2.2
[21:56:51] [main/INFO] - cardinal-components-entity: 5.2.2
[21:56:51] [main/INFO] - cardinal-components-item: 5.2.2
[21:56:51] [main/INFO] - cardinal-components-level: 5.2.2
[21:56:51] [main/INFO] - cardinal-components-scoreboard: 5.2.2
[21:56:51] [main/INFO] - cardinal-components-world: 5.2.2
[21:56:51] [main/INFO] - carryon: 2.1.2.7
[21:56:51] [main/INFO] - cave_dweller: 1.3.0
[21:56:51] [main/INFO] - chunkloaders: 1.2.8+a
[21:56:51] [main/INFO] - chunky: 1.3.146
[21:56:51] [main/INFO] - cicada: 0.8.0+1.20.1
[21:56:51] [main/INFO] - cloth-basic-math: 0.6.1
[21:56:51] [main/INFO] - cloth-config: 11.1.118
[21:56:51] [main/INFO] - cloth-config: 11.1.118
[21:56:51] [main/INFO] - collective: 7.61
[21:56:51] [main/INFO] - com_electronwill_night-config_core: 3.6.5
[21:56:51] [main/INFO] - com_electronwill_night-config_toml: 3.6.5
[21:56:51] [main/INFO] - com_eliotlash_mclib_mclib: 20
[21:56:51] [main/INFO] - com_ibm_async_asyncutil: 0.1.0
[21:56:51] [main/INFO] - com_teamresourceful_bytecodecs: 1.0.2
[21:56:51] [main/INFO] - com_teamresourceful_yabn: 1.0.3
[21:56:51] [main/INFO] - com_twelvemonkeys_common_common-image: 3.10.0
[21:56:51] [main/INFO] - com_twelvemonkeys_common_common-io: 3.10.0
[21:56:51] [main/INFO] - com_twelvemonkeys_common_common-lang: 3.10.0
[21:56:51] [main/INFO] - com_twelvemonkeys_imageio_imageio-core: 3.10.0
[21:56:51] [main/INFO] - com_twelvemonkeys_imageio_imageio-metadata: 3.10.0
[21:56:51] [main/INFO] - com_twelvemonkeys_imageio_imageio-webp: 3.10.0
[21:56:51] [main/INFO] - comforts: 6.4.0+1.20.1
[21:56:51] [main/INFO] - commons-io_commons-io: 2.15.1
[21:56:51] [main/INFO] - conditional-mixin: 0.6.2
[21:56:51] [main/INFO] - connectedglass: 1.1.11
[21:56:51] [main/INFO] - crab: 1.0.2
[21:56:51] [main/INFO] - creativecore: 2.11.30
[21:56:51] [main/INFO] - creeperoverhaul: 3.0.2
[21:56:51] [main/INFO] - customportalapi: 0.0.1-beta64-1.20
[21:56:51] [main/INFO] - deeperdarker: 1.2.6
[21:56:51] [main/INFO] - do_a_barrel_roll: 3.6.0+1.20.1
[21:56:51] [main/INFO] - doubledoors: 5.7
[21:56:51] [main/INFO] - dungeons_arise: 2.1.57
[21:56:51] [main/INFO] - dungeons_arise_seven_seas: 1.0.2
[21:56:51] [main/INFO] - easyanvils: 8.0.2
[21:56:51] [main/INFO] - easymagic: 8.0.1
[21:56:51] [main/INFO] - easyshulkerboxes: 8.0.2
[21:56:51] [main/INFO] - elytra_vanilla: 1.0.0
[21:56:51] [main/INFO] - entityculling: 1.6.6
[21:56:51] [main/INFO] - error_notifier: 1.0.9
[21:56:51] [main/INFO] - exposure: 1.7.2
[21:56:51] [main/INFO] - fabric-api: 0.92.2+1.20.1
[21:56:51] [main/INFO] - fabric-api: 0.92.2+1.20.1
[21:56:51] [main/INFO] - fabric-api-base: 0.4.31+1802ada577
[21:56:51] [main/INFO] - fabric-api-lookup-api-v1: 1.6.36+1802ada577
[21:56:51] [main/INFO] - fabric-biome-api-v1: 13.0.13+1802ada577
[21:56:51] [main/INFO] - fabric-block-api-v1: 1.0.11+1802ada577
[21:56:51] [main/INFO] - fabric-block-view-api-v2: 1.0.1+1802ada577
[21:56:51] [main/INFO] - fabric-command-api-v1: 1.2.34+f71b366f77
[21:56:51] [main/INFO] - fabric-command-api-v2: 2.2.13+1802ada577
[21:56:51] [main/INFO] - fabric-commands-v0: 0.2.51+df3654b377
[21:56:51] [main/INFO] - fabric-containers-v0: 0.1.64+df3654b377
[21:56:51] [main/INFO] - fabric-content-registries-v0: 4.0.11+1802ada577
[21:56:51] [main/INFO] - fabric-convention-tags-v1: 1.5.5+1802ada577
[21:56:51] [main/INFO] - fabric-crash-report-info-v1: 0.2.19+1802ada577
[21:56:51] [main/INFO] - fabric-data-attachment-api-v1: 1.0.0+de0fd6d177
[21:56:51] [main/INFO] - fabric-data-generation-api-v1: 12.3.4+1802ada577
[21:56:51] [main/INFO] - fabric-dimensions-v1: 2.1.54+1802ada577
[21:56:51] [main/INFO] - fabric-entity-events-v1: 1.6.0+1c78457f77
[21:56:51] [main/INFO] - fabric-events-interaction-v0: 0.6.2+1802ada577
[21:56:51] [main/INFO] - fabric-events-lifecycle-v0: 0.2.63+df3654b377
[21:56:51] [main/INFO] - fabric-game-rule-api-v1: 1.0.40+1802ada577
[21:56:51] [main/INFO] - fabric-item-api-v1: 2.1.28+1802ada577
[21:56:51] [main/INFO] - fabric-item-group-api-v1: 4.0.12+1802ada577
[21:56:51] [main/INFO] - fabric-language-kotlin: 1.11.0+kotlin.2.0.0
[21:56:51] [main/INFO] - fabric-lifecycle-events-v1: 2.2.22+1802ada577
[21:56:51] [main/INFO] - fabric-loot-api-v2: 1.2.1+1802ada577
[21:56:51] [main/INFO] - fabric-loot-tables-v1: 1.1.45+9e7660c677
[21:56:51] [main/INFO] - fabric-message-api-v1: 5.1.9+1802ada577
[21:56:51] [main/INFO] - fabric-mining-level-api-v1: 2.1.50+1802ada577
[21:56:51] [main/INFO] - fabric-networking-api-v1: 1.3.11+1802ada577
[21:56:51] [main/INFO] - fabric-networking-v0: 0.3.51+df3654b377
[21:56:51] [main/INFO] - fabric-object-builder-api-v1: 11.1.3+1802ada577
[21:56:51] [main/INFO] - fabric-particles-v1: 1.1.2+1802ada577
[21:56:51] [main/INFO] - fabric-permissions-api-v0: 0.2-SNAPSHOT
[21:56:51] [main/INFO] - fabric-recipe-api-v1: 1.0.21+1802ada577
[21:56:51] [main/INFO] - fabric-registry-sync-v0: 2.3.3+1802ada577
[21:56:51] [main/INFO] - fabric-rendering-data-attachment-v1: 0.3.37+92a0d36777
[21:56:51] [main/INFO] - fabric-rendering-fluids-v1: 3.0.28+1802ada577
[21:56:51] [main/INFO] - fabric-resource-conditions-api-v1: 2.3.8+1802ada577
[21:56:51] [main/INFO] - fabric-resource-loader-v0: 0.11.10+1802ada577
[21:56:51] [main/INFO] - fabric-screen-handler-api-v1: 1.3.30+1802ada577
[21:56:51] [main/INFO] - fabric-trade-api: 0.1.2
[21:56:51] [main/INFO] - fabric-transfer-api-v1: 3.3.5+8dd72ea377
[21:56:51] [main/INFO] - fabric-transitive-access-wideners-v1: 4.3.1+1802ada577
[21:56:51] [main/INFO] - fabricloader: 0.16.0
[21:56:51] [main/INFO] - ferritecore: 6.0.1
[21:56:51] [main/INFO] - fiber: 0.23.0-2
[21:56:51] [main/INFO] - folk_sisby_kaleido-config: 0.3.1+1.3.1
[21:56:51] [main/INFO] - forgeconfigapiport: 8.0.0
[21:56:51] [main/INFO] - friendsandfoes: 2.0.12
[21:56:51] [main/INFO] - fusion: 1.1.1
[21:56:51] [main/INFO] - geckolib: 4.4.6
[21:56:51] [main/INFO] - globalpacks: 1.16.1_fabric
[21:56:51] [main/INFO] - graveyard: 3.0
[21:56:51] [main/INFO] - guiclock: 4.4
[21:56:51] [main/INFO] - guicompass: 4.6
[21:56:51] [main/INFO] - hangglider: 8.0.1
[21:56:51] [main/INFO] - iceandfire: 0.5.1
[21:56:51] [main/INFO] - immersive_melodies: 0.3.0+1.20.1
[21:56:51] [main/INFO] - incendium: 5.3.5
[21:56:51] [main/INFO] - inventorio: 1.10.3
[21:56:51] [main/INFO] - inventorymanagement: 1.3.1
[21:56:51] [main/INFO] - jackfredlib-base: 1.4.0+1.20.1
[21:56:51] [main/INFO] - jackfredlib-colour: 1.1.0+1.20.1
[21:56:51] [main/INFO] - jackfredlib-config: 0.2.3+1.20.1
[21:56:51] [main/INFO] - jackfredlib-lying: 0.5.5+1.20.1
[21:56:51] [main/INFO] - jamlib: 0.6.1+1.20.x
[21:56:51] [main/INFO] - java: 21
[21:56:51] [main/INFO] - jupiter: 0.4.2
[21:56:51] [main/INFO] - keybind_fix: 1.0.0
[21:56:51] [main/INFO] - konkrete: 1.8.1
[21:56:51] [main/INFO] - lazydfu: 0.1.3
[21:56:51] [main/INFO] - lenientdeath: 1.2.3+1.20.1
[21:56:51] [main/INFO] - lib39-core: 1.5.0-experimental6.1+1.20.1
[21:56:51] [main/INFO] - lib39-dessicant: 1.5.0-experimental6.1+1.20.1
[21:56:51] [main/INFO] - lithium: 0.11.2
[21:56:51] [main/INFO] - maelstrom_library: 1.6.1-1.20
[21:56:51] [main/INFO] - melody: 1.0.3
[21:56:51] [main/INFO] - memoryleakfix: 1.1.5
[21:56:51] [main/INFO] - midnightlib: 1.4.1
[21:56:51] [main/INFO] - minecraft: 1.20.1
[21:56:51] [main/INFO] - mixinextras: 0.4.0
[21:56:51] [main/INFO] - mixinsquared: 0.1.1
[21:56:51] [main/INFO] - mobcaptains: 3.1.1
[21:56:51] [main/INFO] - moonlight: 1.20-2.11.37
[21:56:51] [main/INFO] - morebows: 1.0.11+1.20.x
[21:56:51] [main/INFO] - mr_dungeons_andtaverns: 3.0.3.f
[21:56:51] [main/INFO] - mr_dungeons_andtavernsstrongholdrework: 1
[21:56:51] [main/INFO] - mr_remove_terralithintromessage: 1.0
[21:56:51] [main/INFO] - mr_true_ending: 1-v1.1.0c
[21:56:51] [main/INFO] - multipart_entities: 1.5-1.20
[21:56:51] [main/INFO] - mysticaloaktree: 1.20-1.11
[21:56:51] [main/INFO] - net_minecraftforge_eventbus: 6.0.3
[21:56:51] [main/INFO] - net_objecthunter_exp4j: 0.4.8
[21:56:51] [main/INFO] - netherportalspread: 8.1
[21:56:51] [main/INFO] - niftycarts: 3.0.2+1.20.1
[21:56:51] [main/INFO] - noisium: 2.0.3+mc1.20-1.20.1
[21:56:51] [main/INFO] - notenoughcrashes: 4.4.7+1.20.1
[21:56:51] [main/INFO] - nullscape: 1.2.7
[21:56:51] [main/INFO] - nyfsspiders: 2.1.1
[21:56:51] [main/INFO] - obscure_api: 16
[21:56:51] [main/INFO] - org_javassist_javassist: 3.29.2-GA
[21:56:51] [main/INFO] - org_jetbrains_kotlin_kotlin-reflect: 2.0.0
[21:56:51] [main/INFO] - org_jetbrains_kotlin_kotlin-stdlib: 2.0.0
[21:56:51] [main/INFO] - org_jetbrains_kotlin_kotlin-stdlib-jdk7: 2.0.0
[21:56:51] [main/INFO] - org_jetbrains_kotlin_kotlin-stdlib-jdk8: 2.0.0
[21:56:51] [main/INFO] - org_jetbrains_kotlinx_atomicfu-jvm: 0.24.0
[21:56:51] [main/INFO] - org_jetbrains_kotlinx_kotlinx-coroutines-core-jvm: 1.8.1
[21:56:51] [main/INFO] - org_jetbrains_kotlinx_kotlinx-coroutines-jdk8: 1.8.1
[21:56:51] [main/INFO] - org_jetbrains_kotlinx_kotlinx-datetime-jvm: 0.6.0
[21:56:51] [main/INFO] - org_jetbrains_kotlinx_kotlinx-serialization-cbor-jvm: 1.6.3
[21:56:51] [main/INFO] - org_jetbrains_kotlinx_kotlinx-serialization-core-jvm: 1.6.3
[21:56:51] [main/INFO] - org_jetbrains_kotlinx_kotlinx-serialization-json-jvm: 1.6.3
[21:56:51] [main/INFO] - org_quiltmc_parsers_gson: 0.2.1
[21:56:51] [main/INFO] - org_quiltmc_parsers_json: 0.2.1
[21:56:51] [main/INFO] - org_reflections_reflections: 0.10.2
[21:56:51] [main/INFO] - org_threadly_threadly: 7.0
[21:56:51] [main/INFO] - owo: 0.11.2+1.20
[21:56:51] [main/INFO] - packet_tweaker: 0.4.0+1.19.4
[21:56:51] [main/INFO] - patchouli: 1.20.1-84-FABRIC
[21:56:51] [main/INFO] - pickupnotifier: 8.0.0
[21:56:51] [main/INFO] - ping-wheel: 1.9.1
[21:56:51] [main/INFO] - plushies: 1.4.0
[21:56:51] [main/INFO] - polymer-registry-sync-manipulator: 0.5.0+1.20
[21:56:51] [main/INFO] - puzzlesaccessapi: 8.0.9
[21:56:51] [main/INFO] - puzzlesapi: 8.1.6
[21:56:51] [main/INFO] - puzzleslib: 8.1.20
[21:56:51] [main/INFO] - radiantgear: 2.1.6+1.20.1
[21:56:51] [main/INFO] - reach-entity-attributes: 2.4.0
[21:56:51] [main/INFO] - resourcefulconfig: 2.1.2
[21:56:51] [main/INFO] - resourcefullib: 2.1.25
[21:56:51] [main/INFO] - ribbits: 1.20.1-Fabric-3.0.0
[21:56:51] [main/INFO] - rightclickharvest: 3.2.3+1.19.x-1.20.1-fabric
[21:56:51] [main/INFO] - roughlyenoughitems: 12.1.725
[21:56:51] [main/INFO] - sawmill: 1.20-1.4.3
[21:56:51] [main/INFO] - scout: 2.0.4+1.20.1
[21:56:51] [main/INFO] - server_translations_api: 2.0.0+1.20
[21:56:51] [main/INFO] - serversleep_mr: 1-datapack
[21:56:51] [main/INFO] - showmeyourskin: 1.9.0+1.20
[21:56:51] [main/INFO] - simplyswords: 1.55.0-1.20.1
[21:56:51] [main/INFO] - smartbrainlib: 1.14
[21:56:51] [main/INFO] - snuffles: 1.0.0+1.20
[21:56:51] [main/INFO] - sound_physics_remastered: 1.20.1-1.4.2
[21:56:51] [main/INFO] - spawnermod: 1.2.4
[21:56:51] [main/INFO] - spectrelib: 0.13.15+1.20.1
[21:56:51] [main/INFO] - strawdummy: 1.9.0
[21:56:51] [main/INFO] - supermartijn642configlib: 1.1.8+a
[21:56:51] [main/INFO] - supermartijn642corelib: 1.1.17
[21:56:51] [main/INFO] - surveyor: 0.6.21+1.20
[21:56:51] [main/INFO] - tectonic: 2.3.5b
[21:56:51] [main/INFO] - terralith: 2.5.4
[21:56:51] [main/INFO] - the_bumblezone: 7.4.10+1.20.1-fabric
[21:56:51] [main/INFO] - torchesntrinkets: 0.2-1.20.1-4
[21:56:51] [main/INFO] - trimmable_tools: 1.0.6
[21:56:51] [main/INFO] - trinkets: 3.7.2
[21:56:51] [main/INFO] - uranus: 1.6
[21:56:51] [main/INFO] - vcinteraction: 1.20.1-1.0.6
[21:56:51] [main/INFO] - voicechat: 1.20.1-2.5.18
[21:56:51] [main/INFO] - voidz: 1.0.11
[21:56:51] [main/INFO] - watching: 1.9.2
[21:56:51] [main/INFO] - waveycapes: 1.4.8
[21:56:51] [main/INFO] - weaponmaster: 3.0.5
[21:56:51] [main/INFO] - wolf_port: 1.0.3-1.20.1
[21:56:51] [main/INFO] - yet_another_config_lib_v3: 3.5.0+1.20.1-fabric
[21:56:51] [main/INFO] - yungsapi: 1.20-Fabric-4.0.5
[21:56:51] [main/INFO] - yungsbridges: 1.20-Fabric-4.0.3
[21:56:51] [main/INFO] - yungsextras: 1.20-Fabric-4.0.3
[21:56:51] [main/INFO] ========================================
[21:56:51] [main/INFO] [REI] Registered plugin provider DefaultPlugin [roughlyenoughitems] for REIPlugin
[21:56:51] [main/INFO] [REI] Registered plugin provider DefaultRuntimePlugin [roughlyenoughitems] for REIPlugin
[21:56:51] [main/INFO] [REI] Registered plugin provider DefaultPlugin [roughlyenoughitems] for REIServerPlugin
[21:56:51] [main/INFO] [REI] Registered plugin provider DefaultRuntimePlugin [roughlyenoughitems] for REIServerPlugin
[21:56:51] [main/INFO] [REI] Registered plugin provider FabricFluidAPISupportPlugin for REIServerPlugin
[21:56:51] [main/INFO] [REI] Registered plugin provider FabricFluidAPISupportPlugin for REIPlugin
[21:56:54] [Worker-Main-7/DEBUG] [REI] Processed 0 tags in 5.428 ms for minecraft:worldgen/world_preset
[21:56:54] [Worker-Main-2/DEBUG] [REI] Processed 7 tags in 1.152 ms for minecraft:mob_effect
[21:56:54] [Worker-Main-6/DEBUG] [REI] Processed 2 tags in 9.834 ms for minecraft:cat_variant
[21:56:54] [Worker-Main-11/DEBUG] [REI] Processed 5 tags in 1.477 ms for minecraft:point_of_interest_type
[21:56:54] [Worker-Main-19/DEBUG] [REI] Processed 1 tags in 1.698 ms for minecraft:recipe_serializer
[21:56:54] [Worker-Main-5/DEBUG] [REI] Processed 1 tags in 9.864 ms for minecraft:sound_event
[21:56:54] [Worker-Main-3/DEBUG] [REI] Processed 34 tags in 9.748 ms for minecraft:banner_pattern
[21:56:54] [Worker-Main-21/DEBUG] [REI] Processed 0 tags in 590.0 μs for minecraft:worldgen/biome[21:56:54] [Worker-Main-10/DEBUG] [REI] Processed 1 tags in 732.6 μs for minecraft:painting_variant
[21:56:54] [Worker-Main-1/DEBUG] [REI] Processed 0 tags in 5.400 μs for minecraft:worldgen/density_function
[21:56:54] [Worker-Main-23/DEBUG] [REI] Processed 0 tags in 11.90 μs for minecraft:worldgen/flat_level_generator_preset
[21:56:54] [Worker-Main-15/DEBUG] [REI] Processed 130 tags in 8.740 ms for minecraft:entity_type
[21:56:54] [Worker-Main-4/DEBUG] [REI] Processed 3 tags in 7.900 μs for minecraft:instrument
[21:56:54] [Worker-Main-22/DEBUG] [REI] Processed 15 tags in 692.1 μs for minecraft:fluid
[21:56:54] [Worker-Main-14/DEBUG] [REI] Processed 5 tags in 465.2 μs for minecraft:game_event

[21:56:54] [Worker-Main-17/DEBUG] [REI] Processed 1 tags in 9.200 μs for minecraft:recipe_type
[21:56:54] [Worker-Main-19/DEBUG] [REI] Processed 0 tags in 3.000 μs for minecraft:worldgen/structure_set
[21:56:54] [Worker-Main-16/DEBUG] [REI] Processed 0 tags in 2.700 μs for minecraft:worldgen/placed_feature
[21:56:54] [Worker-Main-6/DEBUG] [REI] Processed 7 tags in 17.60 μs for minecraft:enchantment
[21:56:54] [Worker-Main-20/DEBUG] [REI] Processed 0 tags in 9.300 μs for minecraft:worldgen/structure
[21:56:54] [Worker-Main-18/DEBUG] [REI] Processed 0 tags in 5.100 μs for minecraft:damage_type
[21:56:54] [Worker-Main-13/DEBUG] [REI] Processed 473 tags in 1.355 ms for minecraft:item
[21:56:54] [Worker-Main-9/DEBUG] [REI] Processed 507 tags in 1.408 ms for minecraft:block
[21:56:56] [main/DEBUG] [REI] ========================================
[21:56:56] [main/DEBUG] [REI] REIPlugin starting pre-reload for START.
[21:56:56] [main/DEBUG] [REI] Reloadables (7):
[21:56:56] [main/DEBUG] [REI]  - EntryTypeRegistryImpl
[21:56:56] [main/DEBUG] [REI]  - EntrySettingsAdapterRegistryImpl
[21:56:56] [main/DEBUG] [REI]  - RecipeManagerContextImpl
[21:56:56] [main/DEBUG] [REI]  - ItemComparatorRegistryImpl
[21:56:56] [main/DEBUG] [REI]  - FluidComparatorRegistryImpl
[21:56:56] [main/DEBUG] [REI]  - DisplaySerializerRegistryImpl
[21:56:56] [main/DEBUG] [REI]  - FluidSupportProviderImpl
[21:56:56] [main/DEBUG] [REI] Plugins (3):
[21:56:56] [main/DEBUG] [REI]  - (-100,00) DefaultPlugin of DefaultPlugin [roughlyenoughitems]
[21:56:56] [main/DEBUG] [REI]  - (0,00) FabricFluidAPISupportPlugin
[21:56:56] [main/DEBUG] [REI]  - (0,00) DefaultRuntimePlugin of DefaultRuntimePlugin [roughlyenoughitems]
[21:56:56] [main/DEBUG] [REI] ========================================
[21:56:56] [main/TRACE] [REI] [REIPlugin START] Reloading Section: "pre-register/"
[21:56:56] [main/TRACE] [REI] [REIPlugin START] Reloading Section: "pre-register/DefaultPlugin of DefaultPlugin [roughlyenoughitems]/"
[21:56:56] [main/TRACE] [REI] [REIPlugin START] Reloading Section: "pre-register/DefaultPlugin of DefaultPlugin [roughlyenoughitems]/" done in 837.2 μs
[21:56:56] [main/TRACE] [REI] [REIPlugin START] Reloading Section: "pre-register/FabricFluidAPISupportPlugin/"
[21:56:56] [main/TRACE] [REI] [REIPlugin START] Reloading Section: "pre-register/FabricFluidAPISupportPlugin/" done in 10.90 μs
[21:56:56] [main/TRACE] [REI] [REIPlugin START] Reloading Section: "pre-register/DefaultRuntimePlugin of DefaultRuntimePlugin [roughlyenoughitems]/"
[21:56:56] [main/TRACE] [REI] [REIPlugin START] Reloading Section: "pre-register/DefaultRuntimePlugin of DefaultRuntimePlugin [roughlyenoughitems]/" done in 4.600 μs
[21:56:56] [main/TRACE] [REI] [REIPlugin START] Reloading Section: "pre-register/" done in 14.41 ms
[21:56:56] [main/TRACE] [REI] [REIPlugin START] Reloading Section: "pre-stage/"
[21:56:56] [main/TRACE] [REI] [REIPlugin START] Reloading Section: "pre-stage/EntryTypeRegistryImpl/"
[21:56:56] [main/TRACE] [REI] [REIPlugin START] Reloading Section: "pre-stage/EntryTypeRegistryImpl/" done in 266.4 μs
[21:56:56] [main/TRACE] [REI] [REIPlugin START] Reloading Section: "pre-stage/EntrySettingsAdapterRegistryImpl/"
[21:56:56] [main/TRACE] [REI] [REIPlugin START] Reloading Section: "pre-stage/EntrySettingsAdapterRegistryImpl/" done in 4.000 μs
[21:56:56] [main/TRACE] [REI] [REIPlugin START] Reloading Section: "pre-stage/RecipeManagerContextImpl/"
[21:56:56] [main/TRACE] [REI] [REIPlugin START] Reloading Section: "pre-stage/RecipeManagerContextImpl/" done in 2.600 μs
[21:56:56] [main/TRACE] [REI] [REIPlugin START] Reloading Section: "pre-stage/ItemComparatorRegistryImpl/"
[21:56:56] [main/TRACE] [REI] [REIPlugin START] Reloading Section: "pre-stage/ItemComparatorRegistryImpl/" done in 2.400 μs
[21:56:56] [main/TRACE] [REI] [REIPlugin START] Reloading Section: "pre-stage/FluidComparatorRegistryImpl/"
[21:56:56] [main/TRACE] [REI] [REIPlugin START] Reloading Section: "pre-stage/FluidComparatorRegistryImpl/" done in 2.200 μs
[21:56:56] [main/TRACE] [REI] [REIPlugin START] Reloading Section: "pre-stage/DisplaySerializerRegistryImpl/"
[21:56:56] [main/TRACE] [REI] [REIPlugin START] Reloading Section: "pre-stage/DisplaySerializerRegistryImpl/" done in 3.000 μs
[21:56:56] [main/TRACE] [REI] [REIPlugin START] Reloading Section: "pre-stage/FluidSupportProviderImpl/"
[21:56:56] [main/TRACE] [REI] [REIPlugin START] Reloading Section: "pre-stage/FluidSupportProviderImpl/" done in 2.400 μs
[21:56:56] [main/TRACE] [REI] [REIPlugin START] Reloading Section: "pre-stage/" done in 556.0 μs
[21:56:56] [main/DEBUG] [REI] ========================================
[21:56:56] [main/DEBUG] [REI] REIPlugin finished pre-reload for START in 18.73 ms.
[21:56:56] [main/DEBUG] [REI] ========================================
[21:56:56] [main/DEBUG] [REI] ========================================
[21:56:56] [main/DEBUG] [REI] REIServerPlugin starting pre-reload for START.
[21:56:56] [main/DEBUG] [REI] Reloadables (2):
[21:56:56] [main/DEBUG] [REI]  - MenuInfoRegistryImpl
[21:56:56] [main/DEBUG] [REI]  - SlotAccessorRegistryImpl
[21:56:56] [main/DEBUG] [REI] Plugins (3):
[21:56:56] [main/DEBUG] [REI]  - (-100,00) DefaultPlugin of DefaultPlugin [roughlyenoughitems]
[21:56:56] [main/DEBUG] [REI]  - (0,00) FabricFluidAPISupportPlugin
[21:56:56] [main/DEBUG] [REI]  - (0,00) DefaultRuntimePlugin of DefaultRuntimePlugin [roughlyenoughitems]
[21:56:56] [main/DEBUG] [REI] ========================================
[21:56:56] [main/TRACE] [REI] [REIServerPlugin START] Reloading Section: "pre-register/"
[21:56:56] [main/TRACE] [REI] [REIServerPlugin START] Reloading Section: "pre-register/DefaultPlugin of DefaultPlugin [roughlyenoughitems]/"
[21:56:56] [main/TRACE] [REI] [REIServerPlugin START] Reloading Section: "pre-register/DefaultPlugin of DefaultPlugin [roughlyenoughitems]/" done in 15.00 μs
[21:56:56] [main/TRACE] [REI] [REIServerPlugin START] Reloading Section: "pre-register/FabricFluidAPISupportPlugin/"
[21:56:56] [main/TRACE] [REI] [REIServerPlugin START] Reloading Section: "pre-register/FabricFluidAPISupportPlugin/" done in 7.700 μs
[21:56:56] [main/TRACE] [REI] [REIServerPlugin START] Reloading Section: "pre-register/DefaultRuntimePlugin of DefaultRuntimePlugin [roughlyenoughitems]/"
[21:56:56] [main/TRACE] [REI] [REIServerPlugin START] Reloading Section: "pre-register/DefaultRuntimePlugin of DefaultRuntimePlugin [roughlyenoughitems]/" done in 4.100 μs
[21:56:56] [main/TRACE] [REI] [REIServerPlugin START] Reloading Section: "pre-register/" done in 224.5 μs
[21:56:56] [main/TRACE] [REI] [REIServerPlugin START] Reloading Section: "pre-stage/"
[21:56:56] [main/TRACE] [REI] [REIServerPlugin START] Reloading Section: "pre-stage/MenuInfoRegistryImpl/"
[21:56:56] [main/TRACE] [REI] [REIServerPlugin START] Reloading Section: "pre-stage/MenuInfoRegistryImpl/" done in 4.300 μs
[21:56:56] [main/TRACE] [REI] [REIServerPlugin START] Reloading Section: "pre-stage/SlotAccessorRegistryImpl/"
[21:56:56] [main/TRACE] [REI] [REIServerPlugin START] Reloading Section: "pre-stage/SlotAccessorRegistryImpl/" done in 3.200 μs
[21:56:56] [main/TRACE] [REI] [REIServerPlugin START] Reloading Section: "pre-stage/" done in 80.90 μs
[21:56:56] [main/DEBUG] [REI] ========================================
[21:56:56] [main/DEBUG] [REI] REIServerPlugin finished pre-reload for START in 361.5 μs.
[21:56:56] [main/DEBUG] [REI] ========================================
[21:56:56] [main/INFO] [REI] ~~~~~~~~~~~~~~~~~~~~~~~~~~~~~~~~~~~~~~~~
[21:56:56] [main/INFO] [REI] REIPlugin starting main-reload for START.
[21:56:56] [main/DEBUG] [REI] Reloadables (7):
[21:56:56] [main/DEBUG] [REI]  - EntryTypeRegistryImpl
[21:56:56] [main/DEBUG] [REI]  - EntrySettingsAdapterRegistryImpl
[21:56:56] [main/DEBUG] [REI]  - RecipeManagerContextImpl
[21:56:56] [main/DEBUG] [REI]  - ItemComparatorRegistryImpl
[21:56:56] [main/DEBUG] [REI]  - FluidComparatorRegistryImpl
[21:56:56] [main/DEBUG] [REI]  - DisplaySerializerRegistryImpl
[21:56:56] [main/DEBUG] [REI]  - FluidSupportProviderImpl
[21:56:56] [main/INFO] [REI] Plugins (3):
[21:56:56] [main/INFO] [REI]  - (-100,00) DefaultPlugin of DefaultPlugin [roughlyenoughitems]
[21:56:56] [main/INFO] [REI]  - (0,00) FabricFluidAPISupportPlugin
[21:56:56] [main/INFO] [REI]  - (0,00) DefaultRuntimePlugin of DefaultRuntimePlugin [roughlyenoughitems]
[21:56:56] [main/INFO] [REI] ~~~~~~~~~~~~~~~~~~~~~~~~~~~~~~~~~~~~~~~~
[21:56:56] [main/TRACE] [REI] [REIPlugin START] Reloading Section: "start-reload/"
[21:56:56] [main/TRACE] [REI] [REIPlugin START] Reloading Section: "start-reload/EntryTypeRegistryImpl/"
[21:56:56] [main/TRACE] [REI] [REIPlugin START] Reloading Section: "start-reload/EntryTypeRegistryImpl/" done in 44.60 μs
[21:56:56] [main/TRACE] [REI] [REIPlugin START] Reloading Section: "start-reload/EntrySettingsAdapterRegistryImpl/"
[21:56:56] [main/TRACE] [REI] [REIPlugin START] Reloading Section: "start-reload/EntrySettingsAdapterRegistryImpl/" done in 4.900 μs
[21:56:56] [main/TRACE] [REI] [REIPlugin START] Reloading Section: "start-reload/RecipeManagerContextImpl/"
[21:56:56] [main/TRACE] [REI] [REIPlugin START] Reloading Section: "start-reload/RecipeManagerContextImpl/" done in 2.600 μs
[21:56:56] [main/TRACE] [REI] [REIPlugin START] Reloading Section: "start-reload/ItemComparatorRegistryImpl/"
[21:56:56] [main/TRACE] [REI] [REIPlugin START] Reloading Section: "start-reload/ItemComparatorRegistryImpl/" done in 11.70 μs
[21:56:56] [main/TRACE] [REI] [REIPlugin START] Reloading Section: "start-reload/FluidComparatorRegistryImpl/"
[21:56:56] [main/TRACE] [REI] [REIPlugin START] Reloading Section: "start-reload/FluidComparatorRegistryImpl/" done in 2.700 μs
[21:56:56] [main/TRACE] [REI] [REIPlugin START] Reloading Section: "start-reload/DisplaySerializerRegistryImpl/"
[21:56:56] [main/TRACE] [REI] [REIPlugin START] Reloading Section: "start-reload/DisplaySerializerRegistryImpl/" done in 1.800 μs
[21:56:56] [main/TRACE] [REI] [REIPlugin START] Reloading Section: "start-reload/FluidSupportProviderImpl/"
[21:56:56] [main/TRACE] [REI] [REIPlugin START] Reloading Section: "start-reload/FluidSupportProviderImpl/" done in 6.400 μs
[21:56:56] [main/TRACE] [REI] [REIPlugin START] Reloading Section: "start-reload/" done in 332.5 μs
[21:56:56] [main/DEBUG] [REI] ========================================
[21:56:56] [main/DEBUG] [REI] REIPlugin started main-reload for START.
[21:56:56] [main/DEBUG] [REI] ========================================
[21:56:56] [main/TRACE] [REI] [REIPlugin START] Reloading Section: "reloadable-plugin/EntryTypeRegistryImpl/"
[21:56:56] [main/TRACE] [REI] [REIPlugin START] Reloading Section: "reloadable-plugin/EntryTypeRegistryImpl/DefaultPlugin of DefaultPlugin [roughlyenoughitems]/"
[21:56:56] [main/TRACE] [REI] [REIPlugin START] Reloading Section: "reloadable-plugin/EntryTypeRegistryImpl/DefaultPlugin of DefaultPlugin [roughlyenoughitems]/" done in 165.2 μs
[21:56:56] [main/TRACE] [REI] [REIPlugin START] Reloading Section: "reloadable-plugin/EntryTypeRegistryImpl/FabricFluidAPISupportPlugin/"
[21:56:56] [main/TRACE] [REI] [REIPlugin START] Reloading Section: "reloadable-plugin/EntryTypeRegistryImpl/FabricFluidAPISupportPlugin/" done in 5.900 μs
[21:56:56] [main/TRACE] [REI] [REIPlugin START] Reloading Section: "reloadable-plugin/EntryTypeRegistryImpl/DefaultRuntimePlugin of DefaultRuntimePlugin [roughlyenoughitems]/"
[21:56:56] [main/TRACE] [REI] [REIPlugin START] Reloading Section: "reloadable-plugin/EntryTypeRegistryImpl/DefaultRuntimePlugin of DefaultRuntimePlugin [roughlyenoughitems]/" done in 6.283 ms
[21:56:56] [main/TRACE] [REI] [REIPlugin START] Reloading Section: "reloadable-plugin/EntryTypeRegistryImpl/" done in 7.185 ms
[21:56:56] [main/TRACE] [REI] [REIPlugin START] Reloading Section: "reloadable-plugin/EntrySettingsAdapterRegistryImpl/"
[21:56:56] [main/TRACE] [REI] [REIPlugin START] Reloading Section: "reloadable-plugin/EntrySettingsAdapterRegistryImpl/DefaultPlugin of DefaultPlugin [roughlyenoughitems]/"
[21:56:56] [main/TRACE] [REI] [REIPlugin START] Reloading Section: "reloadable-plugin/EntrySettingsAdapterRegistryImpl/DefaultPlugin of DefaultPlugin [roughlyenoughitems]/" done in 13.40 μs
[21:56:56] [main/TRACE] [REI] [REIPlugin START] Reloading Section: "reloadable-plugin/EntrySettingsAdapterRegistryImpl/FabricFluidAPISupportPlugin/"
[21:56:56] [main/TRACE] [REI] [REIPlugin START] Reloading Section: "reloadable-plugin/EntrySettingsAdapterRegistryImpl/FabricFluidAPISupportPlugin/" done in 9.200 μs
[21:56:56] [main/TRACE] [REI] [REIPlugin START] Reloading Section: "reloadable-plugin/EntrySettingsAdapterRegistryImpl/DefaultRuntimePlugin of DefaultRuntimePlugin [roughlyenoughitems]/"
[21:56:56] [main/TRACE] [REI] [REIPlugin START] Reloading Section: "reloadable-plugin/EntrySettingsAdapterRegistryImpl/DefaultRuntimePlugin of DefaultRuntimePlugin [roughlyenoughitems]/" done in 4.300 μs
[21:56:56] [main/TRACE] [REI] [REIPlugin START] Reloading Section: "reloadable-plugin/EntrySettingsAdapterRegistryImpl/" done in 309.8 μs
[21:56:56] [main/TRACE] [REI] [REIPlugin START] Reloading Section: "reloadable-plugin/RecipeManagerContextImpl/"
[21:56:56] [main/TRACE] [REI] [REIPlugin START] Reloading Section: "reloadable-plugin/RecipeManagerContextImpl/DefaultPlugin of DefaultPlugin [roughlyenoughitems]/"
[21:56:56] [main/TRACE] [REI] [REIPlugin START] Reloading Section: "reloadable-plugin/RecipeManagerContextImpl/DefaultPlugin of DefaultPlugin [roughlyenoughitems]/" done in 4.300 μs
[21:56:56] [main/TRACE] [REI] [REIPlugin START] Reloading Section: "reloadable-plugin/RecipeManagerContextImpl/FabricFluidAPISupportPlugin/"
[21:56:56] [main/TRACE] [REI] [REIPlugin START] Reloading Section: "reloadable-plugin/RecipeManagerContextImpl/FabricFluidAPISupportPlugin/" done in 5.500 μs
[21:56:56] [main/TRACE] [REI] [REIPlugin START] Reloading Section: "reloadable-plugin/RecipeManagerContextImpl/DefaultRuntimePlugin of DefaultRuntimePlugin [roughlyenoughitems]/"
[21:56:56] [main/TRACE] [REI] [REIPlugin START] Reloading Section: "reloadable-plugin/RecipeManagerContextImpl/DefaultRuntimePlugin of DefaultRuntimePlugin [roughlyenoughitems]/" done in 4.500 μs
[21:56:56] [main/TRACE] [REI] [REIPlugin START] Reloading Section: "reloadable-plugin/RecipeManagerContextImpl/" done in 120.3 μs
[21:56:56] [main/TRACE] [REI] [REIPlugin START] Reloading Section: "reloadable-plugin/ItemComparatorRegistryImpl/"
[21:56:56] [main/TRACE] [REI] [REIPlugin START] Reloading Section: "reloadable-plugin/ItemComparatorRegistryImpl/DefaultPlugin of DefaultPlugin [roughlyenoughitems]/"
[21:56:56] [main/TRACE] [REI] [REIPlugin START] Reloading Section: "reloadable-plugin/ItemComparatorRegistryImpl/DefaultPlugin of DefaultPlugin [roughlyenoughitems]/" done in 638.8 μs
[21:56:56] [main/TRACE] [REI] [REIPlugin START] Reloading Section: "reloadable-plugin/ItemComparatorRegistryImpl/FabricFluidAPISupportPlugin/"
[21:56:56] [main/TRACE] [REI] [REIPlugin START] Reloading Section: "reloadable-plugin/ItemComparatorRegistryImpl/FabricFluidAPISupportPlugin/" done in 6.700 μs
[21:56:56] [main/TRACE] [REI] [REIPlugin START] Reloading Section: "reloadable-plugin/ItemComparatorRegistryImpl/DefaultRuntimePlugin of DefaultRuntimePlugin [roughlyenoughitems]/"
[21:56:56] [main/TRACE] [REI] [REIPlugin START] Reloading Section: "reloadable-plugin/ItemComparatorRegistryImpl/DefaultRuntimePlugin of DefaultRuntimePlugin [roughlyenoughitems]/" done in 3.900 μs
[21:56:56] [main/TRACE] [REI] [REIPlugin START] Reloading Section: "reloadable-plugin/ItemComparatorRegistryImpl/" done in 807.7 μs
[21:56:56] [main/TRACE] [REI] [REIPlugin START] Reloading Section: "reloadable-plugin/FluidComparatorRegistryImpl/"
[21:56:56] [main/TRACE] [REI] [REIPlugin START] Reloading Section: "reloadable-plugin/FluidComparatorRegistryImpl/DefaultPlugin of DefaultPlugin [roughlyenoughitems]/"
[21:56:56] [main/TRACE] [REI] [REIPlugin START] Reloading Section: "reloadable-plugin/FluidComparatorRegistryImpl/DefaultPlugin of DefaultPlugin [roughlyenoughitems]/" done in 6.700 μs
[21:56:56] [main/TRACE] [REI] [REIPlugin START] Reloading Section: "reloadable-plugin/FluidComparatorRegistryImpl/FabricFluidAPISupportPlugin/"
[21:56:56] [main/TRACE] [REI] [REIPlugin START] Reloading Section: "reloadable-plugin/FluidComparatorRegistryImpl/FabricFluidAPISupportPlugin/" done in 3.400 μs
[21:56:56] [main/TRACE] [REI] [REIPlugin START] Reloading Section: "reloadable-plugin/FluidComparatorRegistryImpl/DefaultRuntimePlugin of DefaultRuntimePlugin [roughlyenoughitems]/"
[21:56:56] [main/TRACE] [REI] [REIPlugin START] Reloading Section: "reloadable-plugin/FluidComparatorRegistryImpl/DefaultRuntimePlugin of DefaultRuntimePlugin [roughlyenoughitems]/" done in 4.200 μs
[21:56:56] [main/TRACE] [REI] [REIPlugin START] Reloading Section: "reloadable-plugin/FluidComparatorRegistryImpl/" done in 87.30 μs
[21:56:56] [main/TRACE] [REI] [REIPlugin START] Reloading Section: "reloadable-plugin/DisplaySerializerRegistryImpl/"
[21:56:56] [main/TRACE] [REI] [REIPlugin START] Reloading Section: "reloadable-plugin/DisplaySerializerRegistryImpl/DefaultPlugin of DefaultPlugin [roughlyenoughitems]/"
[21:56:56] [main/TRACE] [REI] [REIPlugin START] Reloading Section: "reloadable-plugin/DisplaySerializerRegistryImpl/DefaultPlugin of DefaultPlugin [roughlyenoughitems]/" done in 3.300 μs
[21:56:56] [main/TRACE] [REI] [REIPlugin START] Reloading Section: "reloadable-plugin/DisplaySerializerRegistryImpl/FabricFluidAPISupportPlugin/"
[21:56:56] [main/TRACE] [REI] [REIPlugin START] Reloading Section: "reloadable-plugin/DisplaySerializerRegistryImpl/FabricFluidAPISupportPlugin/" done in 3.100 μs
[21:56:56] [main/TRACE] [REI] [REIPlugin START] Reloading Section: "reloadable-plugin/DisplaySerializerRegistryImpl/DefaultRuntimePlugin of DefaultRuntimePlugin [roughlyenoughitems]/"
[21:56:56] [main/TRACE] [REI] [REIPlugin START] Reloading Section: "reloadable-plugin/DisplaySerializerRegistryImpl/DefaultRuntimePlugin of DefaultRuntimePlugin [roughlyenoughitems]/" done in 3.200 μs
[21:56:56] [main/TRACE] [REI] [REIPlugin START] Reloading Section: "reloadable-plugin/DisplaySerializerRegistryImpl/" done in 97.40 μs
[21:56:56] [main/TRACE] [REI] [REIPlugin START] Reloading Section: "reloadable-plugin/FluidSupportProviderImpl/"
[21:56:56] [main/TRACE] [REI] [REIPlugin START] Reloading Section: "reloadable-plugin/FluidSupportProviderImpl/DefaultPlugin of DefaultPlugin [roughlyenoughitems]/"
[21:56:56] [main/TRACE] [REI] [REIPlugin START] Reloading Section: "reloadable-plugin/FluidSupportProviderImpl/DefaultPlugin of DefaultPlugin [roughlyenoughitems]/" done in 576.1 μs
[21:56:56] [main/TRACE] [REI] [REIPlugin START] Reloading Section: "reloadable-plugin/FluidSupportProviderImpl/FabricFluidAPISupportPlugin/"
[21:56:56] [main/TRACE] [REI] [REIPlugin START] Reloading Section: "reloadable-plugin/FluidSupportProviderImpl/FabricFluidAPISupportPlugin/" done in 130.8 μs
[21:56:56] [main/TRACE] [REI] [REIPlugin START] Reloading Section: "reloadable-plugin/FluidSupportProviderImpl/DefaultRuntimePlugin of DefaultRuntimePlugin [roughlyenoughitems]/"
[21:56:56] [main/TRACE] [REI] [REIPlugin START] Reloading Section: "reloadable-plugin/FluidSupportProviderImpl/DefaultRuntimePlugin of DefaultRuntimePlugin [roughlyenoughitems]/" done in 5.700 μs
[21:56:56] [main/TRACE] [REI] [REIPlugin START] Reloading Section: "reloadable-plugin/FluidSupportProviderImpl/" done in 887.6 μs
[21:56:56] [main/DEBUG] [REI] ========================================
[21:56:56] [main/DEBUG] [REI] REIPlugin ending main-reload for START.
[21:56:56] [main/DEBUG] [REI] ========================================
[21:56:56] [main/TRACE] [REI] [REIPlugin START] Reloading Section: "end-reload/"
[21:56:56] [main/TRACE] [REI] [REIPlugin START] Reloading Section: "end-reload/EntryTypeRegistryImpl/"
[21:56:56] [main/TRACE] [REI] [REIPlugin START] Reloading Section: "end-reload/EntryTypeRegistryImpl/" done in 7.600 μs
[21:56:56] [main/TRACE] [REI] [REIPlugin START] Reloading Section: "end-reload/EntrySettingsAdapterRegistryImpl/"
[21:56:56] [main/TRACE] [REI] [REIPlugin START] Reloading Section: "end-reload/EntrySettingsAdapterRegistryImpl/" done in 2.600 μs
[21:56:56] [main/TRACE] [REI] [REIPlugin START] Reloading Section: "end-reload/RecipeManagerContextImpl/"
[21:56:56] [main/TRACE] [REI] [REIPlugin START] Reloading Section: "end-reload/RecipeManagerContextImpl/" done in 1.900 μs
[21:56:56] [main/TRACE] [REI] [REIPlugin START] Reloading Section: "end-reload/ItemComparatorRegistryImpl/"
[21:56:56] [main/TRACE] [REI] [REIPlugin START] Reloading Section: "end-reload/ItemComparatorRegistryImpl/" done in 2.400 μs
[21:56:56] [main/TRACE] [REI] [REIPlugin START] Reloading Section: "end-reload/FluidComparatorRegistryImpl/"
[21:56:56] [main/TRACE] [REI] [REIPlugin START] Reloading Section: "end-reload/FluidComparatorRegistryImpl/" done in 2.300 μs
[21:56:56] [main/TRACE] [REI] [REIPlugin START] Reloading Section: "end-reload/DisplaySerializerRegistryImpl/"
[21:56:56] [main/TRACE] [REI] [REIPlugin START] Reloading Section: "end-reload/DisplaySerializerRegistryImpl/" done in 2.300 μs
[21:56:56] [main/TRACE] [REI] [REIPlugin START] Reloading Section: "end-reload/FluidSupportProviderImpl/"
[21:56:56] [main/TRACE] [REI] [REIPlugin START] Reloading Section: "end-reload/FluidSupportProviderImpl/" done in 2.100 μs
[21:56:56] [main/TRACE] [REI] [REIPlugin START] Reloading Section: "end-reload/" done in 229.9 μs
[21:56:56] [main/DEBUG] [REI] ========================================
[21:56:56] [main/DEBUG] [REI] REIPlugin ended main-reload for START in 11.83 ms.
[21:56:56] [main/DEBUG] [REI] ========================================
[21:56:56] [main/INFO] [REI] @@@@@@@@@@@@@@@@@@@@@@@@@@@@@@@@@@@@@@@@
[21:56:56] [main/INFO] [REI] REIServerPlugin starting main-reload for START.
[21:56:56] [main/DEBUG] [REI] Reloadables (2):
[21:56:56] [main/DEBUG] [REI]  - MenuInfoRegistryImpl
[21:56:56] [main/DEBUG] [REI]  - SlotAccessorRegistryImpl
[21:56:56] [main/INFO] [REI] Plugins (3):
[21:56:56] [main/INFO] [REI]  - (-100,00) DefaultPlugin of DefaultPlugin [roughlyenoughitems]
[21:56:56] [main/INFO] [REI]  - (0,00) FabricFluidAPISupportPlugin
[21:56:56] [main/INFO] [REI]  - (0,00) DefaultRuntimePlugin of DefaultRuntimePlugin [roughlyenoughitems]
[21:56:56] [main/INFO] [REI] @@@@@@@@@@@@@@@@@@@@@@@@@@@@@@@@@@@@@@@@
[21:56:56] [main/TRACE] [REI] [REIServerPlugin START] Reloading Section: "start-reload/"
[21:56:56] [main/TRACE] [REI] [REIServerPlugin START] Reloading Section: "start-reload/MenuInfoRegistryImpl/"
[21:56:56] [main/TRACE] [REI] [REIServerPlugin START] Reloading Section: "start-reload/MenuInfoRegistryImpl/" done in 5.700 μs
[21:56:56] [main/TRACE] [REI] [REIServerPlugin START] Reloading Section: "start-reload/SlotAccessorRegistryImpl/"
[21:56:56] [main/TRACE] [REI] [REIServerPlugin START] Reloading Section: "start-reload/SlotAccessorRegistryImpl/" done in 3.000 μs
[21:56:56] [main/TRACE] [REI] [REIServerPlugin START] Reloading Section: "start-reload/" done in 78.20 μs
[21:56:56] [main/DEBUG] [REI] ========================================
[21:56:56] [main/DEBUG] [REI] REIServerPlugin started main-reload for START.
[21:56:56] [main/DEBUG] [REI] ========================================
[21:56:56] [main/TRACE] [REI] [REIServerPlugin START] Reloading Section: "reloadable-plugin/MenuInfoRegistryImpl/"
[21:56:56] [main/TRACE] [REI] [REIServerPlugin START] Reloading Section: "reloadable-plugin/MenuInfoRegistryImpl/DefaultPlugin of DefaultPlugin [roughlyenoughitems]/"
[21:56:56] [main/TRACE] [REI] [REIServerPlugin START] Reloading Section: "reloadable-plugin/MenuInfoRegistryImpl/DefaultPlugin of DefaultPlugin [roughlyenoughitems]/" done in 10.30 μs
[21:56:56] [main/TRACE] [REI] [REIServerPlugin START] Reloading Section: "reloadable-plugin/MenuInfoRegistryImpl/FabricFluidAPISupportPlugin/"
[21:56:56] [main/TRACE] [REI] [REIServerPlugin START] Reloading Section: "reloadable-plugin/MenuInfoRegistryImpl/FabricFluidAPISupportPlugin/" done in 4.700 μs
[21:56:56] [main/TRACE] [REI] [REIServerPlugin START] Reloading Section: "reloadable-plugin/MenuInfoRegistryImpl/DefaultRuntimePlugin of DefaultRuntimePlugin [roughlyenoughitems]/"
[21:56:56] [main/TRACE] [REI] [REIServerPlugin START] Reloading Section: "reloadable-plugin/MenuInfoRegistryImpl/DefaultRuntimePlugin of DefaultRuntimePlugin [roughlyenoughitems]/" done in 18.40 μs
[21:56:56] [main/TRACE] [REI] [REIServerPlugin START] Reloading Section: "reloadable-plugin/MenuInfoRegistryImpl/" done in 233.9 μs
[21:56:56] [main/TRACE] [REI] [REIServerPlugin START] Reloading Section: "reloadable-plugin/SlotAccessorRegistryImpl/"
[21:56:56] [main/TRACE] [REI] [REIServerPlugin START] Reloading Section: "reloadable-plugin/SlotAccessorRegistryImpl/DefaultPlugin of DefaultPlugin [roughlyenoughitems]/"
[21:56:56] [main/TRACE] [REI] [REIServerPlugin START] Reloading Section: "reloadable-plugin/SlotAccessorRegistryImpl/DefaultPlugin of DefaultPlugin [roughlyenoughitems]/" done in 5.100 μs
[21:56:56] [main/TRACE] [REI] [REIServerPlugin START] Reloading Section: "reloadable-plugin/SlotAccessorRegistryImpl/FabricFluidAPISupportPlugin/"
[21:56:56] [main/TRACE] [REI] [REIServerPlugin START] Reloading Section: "reloadable-plugin/SlotAccessorRegistryImpl/FabricFluidAPISupportPlugin/" done in 3.500 μs
[21:56:56] [main/TRACE] [REI] [REIServerPlugin START] Reloading Section: "reloadable-plugin/SlotAccessorRegistryImpl/DefaultRuntimePlugin of DefaultRuntimePlugin [roughlyenoughitems]/"
[21:56:56] [main/TRACE] [REI] [REIServerPlugin START] Reloading Section: "reloadable-plugin/SlotAccessorRegistryImpl/DefaultRuntimePlugin of DefaultRuntimePlugin [roughlyenoughitems]/" done in 4.600 μs
[21:56:56] [main/TRACE] [REI] [REIServerPlugin START] Reloading Section: "reloadable-plugin/SlotAccessorRegistryImpl/" done in 376.4 μs
[21:56:56] [main/DEBUG] [REI] ========================================
[21:56:56] [main/DEBUG] [REI] REIServerPlugin ending main-reload for START.
[21:56:56] [main/DEBUG] [REI] ========================================
[21:56:56] [main/TRACE] [REI] [REIServerPlugin START] Reloading Section: "end-reload/"
[21:56:56] [main/TRACE] [REI] [REIServerPlugin START] Reloading Section: "end-reload/MenuInfoRegistryImpl/"
[21:56:56] [main/TRACE] [REI] [REIServerPlugin START] Reloading Section: "end-reload/MenuInfoRegistryImpl/" done in 4.300 μs
[21:56:56] [main/TRACE] [REI] [REIServerPlugin START] Reloading Section: "end-reload/SlotAccessorRegistryImpl/"
[21:56:56] [main/TRACE] [REI] [REIServerPlugin START] Reloading Section: "end-reload/SlotAccessorRegistryImpl/" done in 2.100 μs
[21:56:56] [main/TRACE] [REI] [REIServerPlugin START] Reloading Section: "end-reload/" done in 50.20 μs
[21:56:56] [main/DEBUG] [REI] ========================================
[21:56:56] [main/DEBUG] [REI] REIServerPlugin ended main-reload for START in 2.006 ms.
[21:56:56] [main/DEBUG] [REI] ========================================
[21:56:56] [main/DEBUG] [REI] ========================================
[21:56:56] [main/DEBUG] [REI] REIPlugin starting post-reload for START.
[21:56:56] [main/DEBUG] [REI] Reloadables (7):
[21:56:56] [main/DEBUG] [REI]  - EntryTypeRegistryImpl
[21:56:56] [main/DEBUG] [REI]  - EntrySettingsAdapterRegistryImpl
[21:56:56] [main/DEBUG] [REI]  - RecipeManagerContextImpl
[21:56:56] [main/DEBUG] [REI]  - ItemComparatorRegistryImpl
[21:56:56] [main/DEBUG] [REI]  - FluidComparatorRegistryImpl
[21:56:56] [main/DEBUG] [REI]  - DisplaySerializerRegistryImpl
[21:56:56] [main/DEBUG] [REI]  - FluidSupportProviderImpl
[21:56:56] [main/DEBUG] [REI] Plugins (3):
[21:56:56] [main/DEBUG] [REI]  - (-100,00) DefaultPlugin of DefaultPlugin [roughlyenoughitems]
[21:56:56] [main/DEBUG] [REI]  - (0,00) FabricFluidAPISupportPlugin
[21:56:56] [main/DEBUG] [REI]  - (0,00) DefaultRuntimePlugin of DefaultRuntimePlugin [roughlyenoughitems]
[21:56:56] [main/DEBUG] [REI] ========================================
[21:56:56] [main/TRACE] [REI] [REIPlugin START] Reloading Section: "post-register/"
[21:56:56] [main/TRACE] [REI] [REIPlugin START] Reloading Section: "post-register/DefaultPlugin of DefaultPlugin [roughlyenoughitems]/"
[21:56:56] [main/TRACE] [REI] [REIPlugin START] Reloading Section: "post-register/DefaultPlugin of DefaultPlugin [roughlyenoughitems]/" done in 278.8 μs
[21:56:56] [main/TRACE] [REI] [REIPlugin START] Reloading Section: "post-register/FabricFluidAPISupportPlugin/"
[21:56:56] [main/TRACE] [REI] [REIPlugin START] Reloading Section: "post-register/FabricFluidAPISupportPlugin/" done in 5.100 μs
[21:56:56] [main/TRACE] [REI] [REIPlugin START] Reloading Section: "post-register/DefaultRuntimePlugin of DefaultRuntimePlugin [roughlyenoughitems]/"
[21:56:56] [main/TRACE] [REI] [REIPlugin START] Reloading Section: "post-register/DefaultRuntimePlugin of DefaultRuntimePlugin [roughlyenoughitems]/" done in 2.900 μs
[21:56:56] [main/TRACE] [REI] [REIPlugin START] Reloading Section: "post-register/" done in 610.4 μs
[21:56:56] [main/TRACE] [REI] [REIPlugin START] Reloading Section: "post-stage/"
[21:56:56] [main/TRACE] [REI] [REIPlugin START] Reloading Section: "post-stage/EntryTypeRegistryImpl/"
[21:56:56] [main/TRACE] [REI] [REIPlugin START] Reloading Section: "post-stage/EntryTypeRegistryImpl/" done in 6.000 μs
[21:56:56] [main/TRACE] [REI] [REIPlugin START] Reloading Section: "post-stage/EntrySettingsAdapterRegistryImpl/"
[21:56:56] [main/TRACE] [REI] [REIPlugin START] Reloading Section: "post-stage/EntrySettingsAdapterRegistryImpl/" done in 2.000 μs
[21:56:56] [main/TRACE] [REI] [REIPlugin START] Reloading Section: "post-stage/RecipeManagerContextImpl/"
[21:56:56] [main/TRACE] [REI] [REIPlugin START] Reloading Section: "post-stage/RecipeManagerContextImpl/" done in 1.600 μs
[21:56:56] [main/TRACE] [REI] [REIPlugin START] Reloading Section: "post-stage/ItemComparatorRegistryImpl/"
[21:56:56] [main/TRACE] [REI] [REIPlugin START] Reloading Section: "post-stage/ItemComparatorRegistryImpl/" done in 1.500 μs
[21:56:56] [main/TRACE] [REI] [REIPlugin START] Reloading Section: "post-stage/FluidComparatorRegistryImpl/"
[21:56:56] [main/TRACE] [REI] [REIPlugin START] Reloading Section: "post-stage/FluidComparatorRegistryImpl/" done in 1.400 μs
[21:56:56] [main/TRACE] [REI] [REIPlugin START] Reloading Section: "post-stage/DisplaySerializerRegistryImpl/"
[21:56:56] [main/TRACE] [REI] [REIPlugin START] Reloading Section: "post-stage/DisplaySerializerRegistryImpl/" done in 1.100 μs
[21:56:56] [main/TRACE] [REI] [REIPlugin START] Reloading Section: "post-stage/FluidSupportProviderImpl/"
[21:56:56] [main/TRACE] [REI] [REIPlugin START] Reloading Section: "post-stage/FluidSupportProviderImpl/" done in 1.200 μs
[21:56:56] [main/TRACE] [REI] [REIPlugin START] Reloading Section: "post-stage/" done in 166.7 μs
[21:56:56] [main/DEBUG] [REI] ========================================
[21:56:56] [main/INFO] [REI] REIPlugin finished post-reload for START in 845.6 μs, totaling 31.40 ms.
[21:56:56] [main/DEBUG] [REI] ========================================
[21:56:56] [main/DEBUG] [REI] ========================================
[21:56:56] [main/DEBUG] [REI] REIServerPlugin starting post-reload for START.
[21:56:56] [main/DEBUG] [REI] Reloadables (2):
[21:56:56] [main/DEBUG] [REI]  - MenuInfoRegistryImpl
[21:56:56] [main/DEBUG] [REI]  - SlotAccessorRegistryImpl
[21:56:56] [main/DEBUG] [REI] Plugins (3):
[21:56:56] [main/DEBUG] [REI]  - (-100,00) DefaultPlugin of DefaultPlugin [roughlyenoughitems]
[21:56:56] [main/DEBUG] [REI]  - (0,00) FabricFluidAPISupportPlugin
[21:56:56] [main/DEBUG] [REI]  - (0,00) DefaultRuntimePlugin of DefaultRuntimePlugin [roughlyenoughitems]
[21:56:56] [main/DEBUG] [REI] ========================================
[21:56:56] [main/TRACE] [REI] [REIServerPlugin START] Reloading Section: "post-register/"
[21:56:56] [main/TRACE] [REI] [REIServerPlugin START] Reloading Section: "post-register/DefaultPlugin of DefaultPlugin [roughlyenoughitems]/"
[21:56:56] [main/TRACE] [REI] [REIServerPlugin START] Reloading Section: "post-register/DefaultPlugin of DefaultPlugin [roughlyenoughitems]/" done in 7.000 μs
[21:56:56] [main/TRACE] [REI] [REIServerPlugin START] Reloading Section: "post-register/FabricFluidAPISupportPlugin/"
[21:56:56] [main/TRACE] [REI] [REIServerPlugin START] Reloading Section: "post-register/FabricFluidAPISupportPlugin/" done in 3.700 μs
[21:56:56] [main/TRACE] [REI] [REIServerPlugin START] Reloading Section: "post-register/DefaultRuntimePlugin of DefaultRuntimePlugin [roughlyenoughitems]/"
[21:56:56] [main/TRACE] [REI] [REIServerPlugin START] Reloading Section: "post-register/DefaultRuntimePlugin of DefaultRuntimePlugin [roughlyenoughitems]/" done in 2.800 μs
[21:56:56] [main/TRACE] [REI] [REIServerPlugin START] Reloading Section: "post-register/" done in 125.1 μs
[21:56:56] [main/TRACE] [REI] [REIServerPlugin START] Reloading Section: "post-stage/"
[21:56:56] [main/TRACE] [REI] [REIServerPlugin START] Reloading Section: "post-stage/MenuInfoRegistryImpl/"
[21:56:56] [main/TRACE] [REI] [REIServerPlugin START] Reloading Section: "post-stage/MenuInfoRegistryImpl/" done in 3.100 μs
[21:56:56] [main/TRACE] [REI] [REIServerPlugin START] Reloading Section: "post-stage/SlotAccessorRegistryImpl/"
[21:56:56] [main/TRACE] [REI] [REIServerPlugin START] Reloading Section: "post-stage/SlotAccessorRegistryImpl/" done in 1.400 μs
[21:56:56] [main/TRACE] [REI] [REIServerPlugin START] Reloading Section: "post-stage/" done in 37.90 μs
[21:56:56] [main/DEBUG] [REI] ========================================
[21:56:56] [main/INFO] [REI] REIServerPlugin finished post-reload for START in 199.2 μs, totaling 2.545 ms.
[21:56:56] [main/DEBUG] [REI] ========================================
[21:56:56] [main/DEBUG] [REI] ========================================
[21:56:56] [main/DEBUG] [REI] REIPlugin starting pre-reload for END.
[21:56:56] [main/DEBUG] [REI] Reloadables (7):
[21:56:56] [main/DEBUG] [REI]  - EntryTypeRegistryImpl
[21:56:56] [main/DEBUG] [REI]  - EntrySettingsAdapterRegistryImpl
[21:56:56] [main/DEBUG] [REI]  - RecipeManagerContextImpl
[21:56:56] [main/DEBUG] [REI]  - ItemComparatorRegistryImpl
[21:56:56] [main/DEBUG] [REI]  - FluidComparatorRegistryImpl
[21:56:56] [main/DEBUG] [REI]  - DisplaySerializerRegistryImpl
[21:56:56] [main/DEBUG] [REI]  - FluidSupportProviderImpl
[21:56:56] [main/DEBUG] [REI] Plugins (3):
[21:56:56] [main/DEBUG] [REI]  - (-100,00) DefaultPlugin of DefaultPlugin [roughlyenoughitems]
[21:56:56] [main/DEBUG] [REI]  - (0,00) FabricFluidAPISupportPlugin
[21:56:56] [main/DEBUG] [REI]  - (0,00) DefaultRuntimePlugin of DefaultRuntimePlugin [roughlyenoughitems]
[21:56:56] [main/DEBUG] [REI] ========================================
[21:56:56] [main/TRACE] [REI] [REIPlugin END] Reloading Section: "pre-register/"
[21:56:56] [main/TRACE] [REI] [REIPlugin END] Reloading Section: "pre-register/DefaultPlugin of DefaultPlugin [roughlyenoughitems]/"
[21:56:56] [main/TRACE] [REI] [REIPlugin END] Reloading Section: "pre-register/DefaultPlugin of DefaultPlugin [roughlyenoughitems]/" done in 6.900 μs
[21:56:56] [main/TRACE] [REI] [REIPlugin END] Reloading Section: "pre-register/FabricFluidAPISupportPlugin/"
[21:56:56] [main/TRACE] [REI] [REIPlugin END] Reloading Section: "pre-register/FabricFluidAPISupportPlugin/" done in 7.100 μs
[21:56:56] [main/TRACE] [REI] [REIPlugin END] Reloading Section: "pre-register/DefaultRuntimePlugin of DefaultRuntimePlugin [roughlyenoughitems]/"
[21:56:56] [main/TRACE] [REI] [REIPlugin END] Reloading Section: "pre-register/DefaultRuntimePlugin of DefaultRuntimePlugin [roughlyenoughitems]/" done in 2.600 μs
[21:56:56] [main/TRACE] [REI] [REIPlugin END] Reloading Section: "pre-register/" done in 151.0 μs
[21:56:56] [main/TRACE] [REI] [REIPlugin END] Reloading Section: "pre-stage/"
[21:56:56] [main/TRACE] [REI] [REIPlugin END] Reloading Section: "pre-stage/EntryTypeRegistryImpl/"
[21:56:56] [main/TRACE] [REI] [REIPlugin END] Reloading Section: "pre-stage/EntryTypeRegistryImpl/" done in 2.400 μs
[21:56:56] [main/TRACE] [REI] [REIPlugin END] Reloading Section: "pre-stage/EntrySettingsAdapterRegistryImpl/"
[21:56:56] [main/TRACE] [REI] [REIPlugin END] Reloading Section: "pre-stage/EntrySettingsAdapterRegistryImpl/" done in 1.800 μs
[21:56:56] [main/TRACE] [REI] [REIPlugin END] Reloading Section: "pre-stage/RecipeManagerContextImpl/"
[21:56:56] [main/TRACE] [REI] [REIPlugin END] Reloading Section: "pre-stage/RecipeManagerContextImpl/" done in 6.100 μs
[21:56:56] [main/TRACE] [REI] [REIPlugin END] Reloading Section: "pre-stage/ItemComparatorRegistryImpl/"
[21:56:56] [main/TRACE] [REI] [REIPlugin END] Reloading Section: "pre-stage/ItemComparatorRegistryImpl/" done in 1.700 μs
[21:56:56] [main/TRACE] [REI] [REIPlugin END] Reloading Section: "pre-stage/FluidComparatorRegistryImpl/"
[21:56:56] [main/TRACE] [REI] [REIPlugin END] Reloading Section: "pre-stage/FluidComparatorRegistryImpl/" done in 1.500 μs
[21:56:56] [main/TRACE] [REI] [REIPlugin END] Reloading Section: "pre-stage/DisplaySerializerRegistryImpl/"
[21:56:56] [main/TRACE] [REI] [REIPlugin END] Reloading Section: "pre-stage/DisplaySerializerRegistryImpl/" done in 1.400 μs
[21:56:56] [main/TRACE] [REI] [REIPlugin END] Reloading Section: "pre-stage/FluidSupportProviderImpl/"
[21:56:56] [main/TRACE] [REI] [REIPlugin END] Reloading Section: "pre-stage/FluidSupportProviderImpl/" done in 1.500 μs
[21:56:56] [main/TRACE] [REI] [REIPlugin END] Reloading Section: "pre-stage/" done in 128.9 μs
[21:56:56] [main/DEBUG] [REI] ========================================
[21:56:56] [main/DEBUG] [REI] REIPlugin finished pre-reload for END in 317.9 μs.
[21:56:56] [main/DEBUG] [REI] ========================================
[21:56:56] [main/DEBUG] [REI] ========================================
[21:56:56] [main/DEBUG] [REI] REIServerPlugin starting pre-reload for END.
[21:56:56] [main/DEBUG] [REI] Reloadables (2):
[21:56:56] [main/DEBUG] [REI]  - MenuInfoRegistryImpl
[21:56:56] [main/DEBUG] [REI]  - SlotAccessorRegistryImpl
[21:56:56] [main/DEBUG] [REI] Plugins (3):
[21:56:56] [main/DEBUG] [REI]  - (-100,00) DefaultPlugin of DefaultPlugin [roughlyenoughitems]
[21:56:56] [main/DEBUG] [REI]  - (0,00) FabricFluidAPISupportPlugin
[21:56:56] [main/DEBUG] [REI]  - (0,00) DefaultRuntimePlugin of DefaultRuntimePlugin [roughlyenoughitems]
[21:56:56] [main/DEBUG] [REI] ========================================
[21:56:56] [main/TRACE] [REI] [REIServerPlugin END] Reloading Section: "pre-register/"
[21:56:56] [main/TRACE] [REI] [REIServerPlugin END] Reloading Section: "pre-register/DefaultPlugin of DefaultPlugin [roughlyenoughitems]/"
[21:56:56] [main/TRACE] [REI] [REIServerPlugin END] Reloading Section: "pre-register/DefaultPlugin of DefaultPlugin [roughlyenoughitems]/" done in 8.700 μs
[21:56:56] [main/TRACE] [REI] [REIServerPlugin END] Reloading Section: "pre-register/FabricFluidAPISupportPlugin/"
[21:56:56] [main/TRACE] [REI] [REIServerPlugin END] Reloading Section: "pre-register/FabricFluidAPISupportPlugin/" done in 15.70 μs
[21:56:56] [main/TRACE] [REI] [REIServerPlugin END] Reloading Section: "pre-register/DefaultRuntimePlugin of DefaultRuntimePlugin [roughlyenoughitems]/"
[21:56:56] [main/TRACE] [REI] [REIServerPlugin END] Reloading Section: "pre-register/DefaultRuntimePlugin of DefaultRuntimePlugin [roughlyenoughitems]/" done in 2.600 μs
[21:56:56] [main/TRACE] [REI] [REIServerPlugin END] Reloading Section: "pre-register/" done in 155.9 μs
[21:56:56] [main/TRACE] [REI] [REIServerPlugin END] Reloading Section: "pre-stage/"
[21:56:56] [main/TRACE] [REI] [REIServerPlugin END] Reloading Section: "pre-stage/MenuInfoRegistryImpl/"
[21:56:56] [main/TRACE] [REI] [REIServerPlugin END] Reloading Section: "pre-stage/MenuInfoRegistryImpl/" done in 2.900 μs
[21:56:56] [main/TRACE] [REI] [REIServerPlugin END] Reloading Section: "pre-stage/SlotAccessorRegistryImpl/"
[21:56:56] [main/TRACE] [REI] [REIServerPlugin END] Reloading Section: "pre-stage/SlotAccessorRegistryImpl/" done in 1.900 μs
[21:56:56] [main/TRACE] [REI] [REIServerPlugin END] Reloading Section: "pre-stage/" done in 41.90 μs
[21:56:56] [main/DEBUG] [REI] ========================================
[21:56:56] [main/DEBUG] [REI] REIServerPlugin finished pre-reload for END in 253.7 μs.
[21:56:56] [main/DEBUG] [REI] ========================================
[21:56:56] [main/INFO] [REI] ########################################
[21:56:56] [main/INFO] [REI] REIPlugin starting main-reload for END.
[21:56:56] [main/DEBUG] [REI] Reloadables (7):
[21:56:56] [main/DEBUG] [REI]  - EntryTypeRegistryImpl
[21:56:56] [main/DEBUG] [REI]  - EntrySettingsAdapterRegistryImpl
[21:56:56] [main/DEBUG] [REI]  - RecipeManagerContextImpl
[21:56:56] [main/DEBUG] [REI]  - ItemComparatorRegistryImpl
[21:56:56] [main/DEBUG] [REI]  - FluidComparatorRegistryImpl
[21:56:56] [main/DEBUG] [REI]  - DisplaySerializerRegistryImpl
[21:56:56] [main/DEBUG] [REI]  - FluidSupportProviderImpl
[21:56:56] [main/INFO] [REI] Plugins (3):
[21:56:56] [main/INFO] [REI]  - (-100,00) DefaultPlugin of DefaultPlugin [roughlyenoughitems]
[21:56:56] [main/INFO] [REI]  - (0,00) FabricFluidAPISupportPlugin
[21:56:56] [main/INFO] [REI]  - (0,00) DefaultRuntimePlugin of DefaultRuntimePlugin [roughlyenoughitems]
[21:56:56] [main/INFO] [REI] ########################################
[21:56:56] [main/TRACE] [REI] [REIPlugin END] Reloading Section: "start-reload/"
[21:56:56] [main/TRACE] [REI] [REIPlugin END] Reloading Section: "start-reload/EntryTypeRegistryImpl/"
[21:56:56] [main/TRACE] [REI] [REIPlugin END] Reloading Section: "start-reload/EntryTypeRegistryImpl/" done in 11.40 μs
[21:56:56] [main/TRACE] [REI] [REIPlugin END] Reloading Section: "start-reload/EntrySettingsAdapterRegistryImpl/"
[21:56:56] [main/TRACE] [REI] [REIPlugin END] Reloading Section: "start-reload/EntrySettingsAdapterRegistryImpl/" done in 15.10 μs
[21:56:56] [main/TRACE] [REI] [REIPlugin END] Reloading Section: "start-reload/RecipeManagerContextImpl/"
[21:56:56] [main/TRACE] [REI] [REIPlugin END] Reloading Section: "start-reload/RecipeManagerContextImpl/" done in 3.000 μs
[21:56:56] [main/TRACE] [REI] [REIPlugin END] Reloading Section: "start-reload/ItemComparatorRegistryImpl/"
[21:56:56] [main/TRACE] [REI] [REIPlugin END] Reloading Section: "start-reload/ItemComparatorRegistryImpl/" done in 1.700 μs
[21:56:56] [main/TRACE] [REI] [REIPlugin END] Reloading Section: "start-reload/FluidComparatorRegistryImpl/"
[21:56:56] [main/TRACE] [REI] [REIPlugin END] Reloading Section: "start-reload/FluidComparatorRegistryImpl/" done in 1.300 μs
[21:56:56] [main/TRACE] [REI] [REIPlugin END] Reloading Section: "start-reload/DisplaySerializerRegistryImpl/"
[21:56:56] [main/TRACE] [REI] [REIPlugin END] Reloading Section: "start-reload/DisplaySerializerRegistryImpl/" done in 3.900 μs
[21:56:56] [main/TRACE] [REI] [REIPlugin END] Reloading Section: "start-reload/FluidSupportProviderImpl/"
[21:56:56] [main/TRACE] [REI] [REIPlugin END] Reloading Section: "start-reload/FluidSupportProviderImpl/" done in 1.800 μs
[21:56:56] [main/TRACE] [REI] [REIPlugin END] Reloading Section: "start-reload/" done in 229.0 μs
[21:56:56] [main/DEBUG] [REI] ========================================
[21:56:56] [main/DEBUG] [REI] REIPlugin started main-reload for END.
[21:56:56] [main/DEBUG] [REI] ========================================
[21:56:56] [main/TRACE] [REI] [REIPlugin END] Reloading Section: "reloadable-plugin/EntryTypeRegistryImpl/"
[21:56:56] [main/TRACE] [REI] [REIPlugin END] Reloading Section: "reloadable-plugin/EntryTypeRegistryImpl/DefaultPlugin of DefaultPlugin [roughlyenoughitems]/"
[21:56:56] [main/TRACE] [REI] [REIPlugin END] Reloading Section: "reloadable-plugin/EntryTypeRegistryImpl/DefaultPlugin of DefaultPlugin [roughlyenoughitems]/" done in 9.600 μs
[21:56:56] [main/TRACE] [REI] [REIPlugin END] Reloading Section: "reloadable-plugin/EntryTypeRegistryImpl/FabricFluidAPISupportPlugin/"
[21:56:56] [main/TRACE] [REI] [REIPlugin END] Reloading Section: "reloadable-plugin/EntryTypeRegistryImpl/FabricFluidAPISupportPlugin/" done in 3.400 μs
[21:56:56] [main/TRACE] [REI] [REIPlugin END] Reloading Section: "reloadable-plugin/EntryTypeRegistryImpl/DefaultRuntimePlugin of DefaultRuntimePlugin [roughlyenoughitems]/"
[21:56:56] [main/TRACE] [REI] [REIPlugin END] Reloading Section: "reloadable-plugin/EntryTypeRegistryImpl/DefaultRuntimePlugin of DefaultRuntimePlugin [roughlyenoughitems]/" done in 3.200 μs
[21:56:56] [main/TRACE] [REI] [REIPlugin END] Reloading Section: "reloadable-plugin/EntryTypeRegistryImpl/" done in 98.80 μs
[21:56:56] [main/TRACE] [REI] [REIPlugin END] Reloading Section: "reloadable-plugin/EntrySettingsAdapterRegistryImpl/"
[21:56:56] [main/TRACE] [REI] [REIPlugin END] Reloading Section: "reloadable-plugin/EntrySettingsAdapterRegistryImpl/DefaultPlugin of DefaultPlugin [roughlyenoughitems]/"
[21:56:56] [main/TRACE] [REI] [REIPlugin END] Reloading Section: "reloadable-plugin/EntrySettingsAdapterRegistryImpl/DefaultPlugin of DefaultPlugin [roughlyenoughitems]/" done in 9.500 μs
[21:56:56] [main/TRACE] [REI] [REIPlugin END] Reloading Section: "reloadable-plugin/EntrySettingsAdapterRegistryImpl/FabricFluidAPISupportPlugin/"
[21:56:56] [main/TRACE] [REI] [REIPlugin END] Reloading Section: "reloadable-plugin/EntrySettingsAdapterRegistryImpl/FabricFluidAPISupportPlugin/" done in 12.20 μs
[21:56:56] [main/TRACE] [REI] [REIPlugin END] Reloading Section: "reloadable-plugin/EntrySettingsAdapterRegistryImpl/DefaultRuntimePlugin of DefaultRuntimePlugin [roughlyenoughitems]/"
[21:56:56] [main/TRACE] [REI] [REIPlugin END] Reloading Section: "reloadable-plugin/EntrySettingsAdapterRegistryImpl/DefaultRuntimePlugin of DefaultRuntimePlugin [roughlyenoughitems]/" done in 4.700 μs
[21:56:56] [main/TRACE] [REI] [REIPlugin END] Reloading Section: "reloadable-plugin/EntrySettingsAdapterRegistryImpl/" done in 164.4 μs
[21:56:56] [main/TRACE] [REI] [REIPlugin END] Reloading Section: "reloadable-plugin/RecipeManagerContextImpl/"
[21:56:56] [main/TRACE] [REI] [REIPlugin END] Reloading Section: "reloadable-plugin/RecipeManagerContextImpl/DefaultPlugin of DefaultPlugin [roughlyenoughitems]/"
[21:56:56] [main/TRACE] [REI] [REIPlugin END] Reloading Section: "reloadable-plugin/RecipeManagerContextImpl/DefaultPlugin of DefaultPlugin [roughlyenoughitems]/" done in 5.100 μs
[21:56:56] [main/TRACE] [REI] [REIPlugin END] Reloading Section: "reloadable-plugin/RecipeManagerContextImpl/FabricFluidAPISupportPlugin/"
[21:56:56] [main/TRACE] [REI] [REIPlugin END] Reloading Section: "reloadable-plugin/RecipeManagerContextImpl/FabricFluidAPISupportPlugin/" done in 4.800 μs
[21:56:56] [main/TRACE] [REI] [REIPlugin END] Reloading Section: "reloadable-plugin/RecipeManagerContextImpl/DefaultRuntimePlugin of DefaultRuntimePlugin [roughlyenoughitems]/"
[21:56:56] [main/TRACE] [REI] [REIPlugin END] Reloading Section: "reloadable-plugin/RecipeManagerContextImpl/DefaultRuntimePlugin of DefaultRuntimePlugin [roughlyenoughitems]/" done in 3.300 μs
[21:56:56] [main/TRACE] [REI] [REIPlugin END] Reloading Section: "reloadable-plugin/RecipeManagerContextImpl/" done in 81.40 μs
[21:56:56] [main/TRACE] [REI] [REIPlugin END] Reloading Section: "reloadable-plugin/ItemComparatorRegistryImpl/"
[21:56:56] [main/TRACE] [REI] [REIPlugin END] Reloading Section: "reloadable-plugin/ItemComparatorRegistryImpl/DefaultPlugin of DefaultPlugin [roughlyenoughitems]/"
[21:56:56] [main/TRACE] [REI] [REIPlugin END] Reloading Section: "reloadable-plugin/ItemComparatorRegistryImpl/DefaultPlugin of DefaultPlugin [roughlyenoughitems]/" done in 6.400 μs
[21:56:56] [main/TRACE] [REI] [REIPlugin END] Reloading Section: "reloadable-plugin/ItemComparatorRegistryImpl/FabricFluidAPISupportPlugin/"
[21:56:56] [main/TRACE] [REI] [REIPlugin END] Reloading Section: "reloadable-plugin/ItemComparatorRegistryImpl/FabricFluidAPISupportPlugin/" done in 5.800 μs
[21:56:56] [main/TRACE] [REI] [REIPlugin END] Reloading Section: "reloadable-plugin/ItemComparatorRegistryImpl/DefaultRuntimePlugin of DefaultRuntimePlugin [roughlyenoughitems]/"
[21:56:56] [main/TRACE] [REI] [REIPlugin END] Reloading Section: "reloadable-plugin/ItemComparatorRegistryImpl/DefaultRuntimePlugin of DefaultRuntimePlugin [roughlyenoughitems]/" done in 3.500 μs
[21:56:56] [main/TRACE] [REI] [REIPlugin END] Reloading Section: "reloadable-plugin/ItemComparatorRegistryImpl/" done in 172.3 μs
[21:56:56] [main/TRACE] [REI] [REIPlugin END] Reloading Section: "reloadable-plugin/FluidComparatorRegistryImpl/"
[21:56:56] [main/TRACE] [REI] [REIPlugin END] Reloading Section: "reloadable-plugin/FluidComparatorRegistryImpl/DefaultPlugin of DefaultPlugin [roughlyenoughitems]/"
[21:56:56] [main/TRACE] [REI] [REIPlugin END] Reloading Section: "reloadable-plugin/FluidComparatorRegistryImpl/DefaultPlugin of DefaultPlugin [roughlyenoughitems]/" done in 3.100 μs
[21:56:56] [main/TRACE] [REI] [REIPlugin END] Reloading Section: "reloadable-plugin/FluidComparatorRegistryImpl/FabricFluidAPISupportPlugin/"
[21:56:56] [main/TRACE] [REI] [REIPlugin END] Reloading Section: "reloadable-plugin/FluidComparatorRegistryImpl/FabricFluidAPISupportPlugin/" done in 31.30 μs
[21:56:56] [main/TRACE] [REI] [REIPlugin END] Reloading Section: "reloadable-plugin/FluidComparatorRegistryImpl/DefaultRuntimePlugin of DefaultRuntimePlugin [roughlyenoughitems]/"
[21:56:56] [main/TRACE] [REI] [REIPlugin END] Reloading Section: "reloadable-plugin/FluidComparatorRegistryImpl/DefaultRuntimePlugin of DefaultRuntimePlugin [roughlyenoughitems]/" done in 6.000 μs
[21:56:56] [main/TRACE] [REI] [REIPlugin END] Reloading Section: "reloadable-plugin/FluidComparatorRegistryImpl/" done in 121.5 μs
[21:56:56] [main/TRACE] [REI] [REIPlugin END] Reloading Section: "reloadable-plugin/DisplaySerializerRegistryImpl/"
[21:56:56] [main/TRACE] [REI] [REIPlugin END] Reloading Section: "reloadable-plugin/DisplaySerializerRegistryImpl/DefaultPlugin of DefaultPlugin [roughlyenoughitems]/"
[21:56:57] [main/TRACE] [REI] [REIPlugin END] Reloading Section: "reloadable-plugin/DisplaySerializerRegistryImpl/DefaultPlugin of DefaultPlugin [roughlyenoughitems]/" done in 20.34 ms
[21:56:57] [main/TRACE] [REI] [REIPlugin END] Reloading Section: "reloadable-plugin/DisplaySerializerRegistryImpl/FabricFluidAPISupportPlugin/"
[21:56:57] [main/TRACE] [REI] [REIPlugin END] Reloading Section: "reloadable-plugin/DisplaySerializerRegistryImpl/FabricFluidAPISupportPlugin/" done in 13.10 μs
[21:56:57] [main/TRACE] [REI] [REIPlugin END] Reloading Section: "reloadable-plugin/DisplaySerializerRegistryImpl/DefaultRuntimePlugin of DefaultRuntimePlugin [roughlyenoughitems]/"
[21:56:57] [main/TRACE] [REI] [REIPlugin END] Reloading Section: "reloadable-plugin/DisplaySerializerRegistryImpl/DefaultRuntimePlugin of DefaultRuntimePlugin [roughlyenoughitems]/" done in 3.400 μs
[21:56:57] [main/TRACE] [REI] [REIPlugin END] Reloading Section: "reloadable-plugin/DisplaySerializerRegistryImpl/" done in 20.53 ms
[21:56:57] [main/TRACE] [REI] [REIPlugin END] Reloading Section: "reloadable-plugin/FluidSupportProviderImpl/"
[21:56:57] [main/TRACE] [REI] [REIPlugin END] Reloading Section: "reloadable-plugin/FluidSupportProviderImpl/DefaultPlugin of DefaultPlugin [roughlyenoughitems]/"
[21:56:57] [main/TRACE] [REI] [REIPlugin END] Reloading Section: "reloadable-plugin/FluidSupportProviderImpl/DefaultPlugin of DefaultPlugin [roughlyenoughitems]/" done in 3.400 μs
[21:56:57] [main/TRACE] [REI] [REIPlugin END] Reloading Section: "reloadable-plugin/FluidSupportProviderImpl/FabricFluidAPISupportPlugin/"
[21:56:57] [main/TRACE] [REI] [REIPlugin END] Reloading Section: "reloadable-plugin/FluidSupportProviderImpl/FabricFluidAPISupportPlugin/" done in 2.400 μs
[21:56:57] [main/TRACE] [REI] [REIPlugin END] Reloading Section: "reloadable-plugin/FluidSupportProviderImpl/DefaultRuntimePlugin of DefaultRuntimePlugin [roughlyenoughitems]/"
[21:56:57] [main/TRACE] [REI] [REIPlugin END] Reloading Section: "reloadable-plugin/FluidSupportProviderImpl/DefaultRuntimePlugin of DefaultRuntimePlugin [roughlyenoughitems]/" done in 2.300 μs
[21:56:57] [main/TRACE] [REI] [REIPlugin END] Reloading Section: "reloadable-plugin/FluidSupportProviderImpl/" done in 63.30 μs
[21:56:57] [main/DEBUG] [REI] ========================================
[21:56:57] [main/DEBUG] [REI] REIPlugin ending main-reload for END.
[21:56:57] [main/DEBUG] [REI] ========================================
[21:56:57] [main/TRACE] [REI] [REIPlugin END] Reloading Section: "end-reload/"
[21:56:57] [main/TRACE] [REI] [REIPlugin END] Reloading Section: "end-reload/EntryTypeRegistryImpl/"
[21:56:57] [main/TRACE] [REI] [REIPlugin END] Reloading Section: "end-reload/EntryTypeRegistryImpl/" done in 1.800 μs
[21:56:57] [main/TRACE] [REI] [REIPlugin END] Reloading Section: "end-reload/EntrySettingsAdapterRegistryImpl/"
[21:56:57] [main/TRACE] [REI] [REIPlugin END] Reloading Section: "end-reload/EntrySettingsAdapterRegistryImpl/" done in 1.300 μs
[21:56:57] [main/TRACE] [REI] [REIPlugin END] Reloading Section: "end-reload/RecipeManagerContextImpl/"
[21:56:57] [main/TRACE] [REI] [REIPlugin END] Reloading Section: "end-reload/RecipeManagerContextImpl/" done in 800.0 ns
[21:56:57] [main/TRACE] [REI] [REIPlugin END] Reloading Section: "end-reload/ItemComparatorRegistryImpl/"
[21:56:57] [main/TRACE] [REI] [REIPlugin END] Reloading Section: "end-reload/ItemComparatorRegistryImpl/" done in 1.600 μs
[21:56:57] [main/TRACE] [REI] [REIPlugin END] Reloading Section: "end-reload/FluidComparatorRegistryImpl/"
[21:56:57] [main/TRACE] [REI] [REIPlugin END] Reloading Section: "end-reload/FluidComparatorRegistryImpl/" done in 1.000 μs
[21:56:57] [main/TRACE] [REI] [REIPlugin END] Reloading Section: "end-reload/DisplaySerializerRegistryImpl/"
[21:56:57] [main/TRACE] [REI] [REIPlugin END] Reloading Section: "end-reload/DisplaySerializerRegistryImpl/" done in 1.100 μs
[21:56:57] [main/TRACE] [REI] [REIPlugin END] Reloading Section: "end-reload/FluidSupportProviderImpl/"
[21:56:57] [main/TRACE] [REI] [REIPlugin END] Reloading Section: "end-reload/FluidSupportProviderImpl/" done in 1.000 μs
[21:56:57] [main/TRACE] [REI] [REIPlugin END] Reloading Section: "end-reload/" done in 102.1 μs
[21:56:57] [main/DEBUG] [REI] ========================================
[21:56:57] [main/DEBUG] [REI] REIPlugin ended main-reload for END in 30.54 ms.
[21:56:57] [main/DEBUG] [REI] ========================================
[21:56:57] [main/INFO] [REI] ++++++++++++++++++++++++++++++++++++++++
[21:56:57] [main/INFO] [REI] REIServerPlugin starting main-reload for END.
[21:56:57] [main/DEBUG] [REI] Reloadables (2):
[21:56:57] [main/DEBUG] [REI]  - MenuInfoRegistryImpl
[21:56:57] [main/DEBUG] [REI]  - SlotAccessorRegistryImpl
[21:56:57] [main/INFO] [REI] Plugins (3):
[21:56:57] [main/INFO] [REI]  - (-100,00) DefaultPlugin of DefaultPlugin [roughlyenoughitems]
[21:56:57] [main/INFO] [REI]  - (0,00) FabricFluidAPISupportPlugin
[21:56:57] [main/INFO] [REI]  - (0,00) DefaultRuntimePlugin of DefaultRuntimePlugin [roughlyenoughitems]
[21:56:57] [main/INFO] [REI] ++++++++++++++++++++++++++++++++++++++++
[21:56:57] [main/TRACE] [REI] [REIServerPlugin END] Reloading Section: "start-reload/"
[21:56:57] [main/TRACE] [REI] [REIServerPlugin END] Reloading Section: "start-reload/MenuInfoRegistryImpl/"
[21:56:57] [main/TRACE] [REI] [REIServerPlugin END] Reloading Section: "start-reload/MenuInfoRegistryImpl/" done in 16.30 μs
[21:56:57] [main/TRACE] [REI] [REIServerPlugin END] Reloading Section: "start-reload/SlotAccessorRegistryImpl/"
[21:56:57] [main/TRACE] [REI] [REIServerPlugin END] Reloading Section: "start-reload/SlotAccessorRegistryImpl/" done in 21.00 μs
[21:56:57] [main/TRACE] [REI] [REIServerPlugin END] Reloading Section: "start-reload/" done in 104.3 μs
[21:56:57] [main/DEBUG] [REI] ========================================
[21:56:57] [main/DEBUG] [REI] REIServerPlugin started main-reload for END.
[21:56:57] [main/DEBUG] [REI] ========================================
[21:56:57] [main/TRACE] [REI] [REIServerPlugin END] Reloading Section: "reloadable-plugin/MenuInfoRegistryImpl/"
[21:56:57] [main/TRACE] [REI] [REIServerPlugin END] Reloading Section: "reloadable-plugin/MenuInfoRegistryImpl/DefaultPlugin of DefaultPlugin [roughlyenoughitems]/"
[21:56:57] [main/TRACE] [REI] [REIServerPlugin END] Reloading Section: "reloadable-plugin/MenuInfoRegistryImpl/DefaultPlugin of DefaultPlugin [roughlyenoughitems]/" done in 14.50 μs
[21:56:57] [main/TRACE] [REI] [REIServerPlugin END] Reloading Section: "reloadable-plugin/MenuInfoRegistryImpl/FabricFluidAPISupportPlugin/"
[21:56:57] [main/TRACE] [REI] [REIServerPlugin END] Reloading Section: "reloadable-plugin/MenuInfoRegistryImpl/FabricFluidAPISupportPlugin/" done in 4.000 μs
[21:56:57] [main/TRACE] [REI] [REIServerPlugin END] Reloading Section: "reloadable-plugin/MenuInfoRegistryImpl/DefaultRuntimePlugin of DefaultRuntimePlugin [roughlyenoughitems]/"
[21:56:57] [main/TRACE] [REI] [REIServerPlugin END] Reloading Section: "reloadable-plugin/MenuInfoRegistryImpl/DefaultRuntimePlugin of DefaultRuntimePlugin [roughlyenoughitems]/" done in 3.400 μs
[21:56:57] [main/TRACE] [REI] [REIServerPlugin END] Reloading Section: "reloadable-plugin/MenuInfoRegistryImpl/" done in 96.50 μs
[21:56:57] [main/TRACE] [REI] [REIServerPlugin END] Reloading Section: "reloadable-plugin/SlotAccessorRegistryImpl/"
[21:56:57] [main/TRACE] [REI] [REIServerPlugin END] Reloading Section: "reloadable-plugin/SlotAccessorRegistryImpl/DefaultPlugin of DefaultPlugin [roughlyenoughitems]/"
[21:56:57] [main/TRACE] [REI] [REIServerPlugin END] Reloading Section: "reloadable-plugin/SlotAccessorRegistryImpl/DefaultPlugin of DefaultPlugin [roughlyenoughitems]/" done in 6.000 μs
[21:56:57] [main/TRACE] [REI] [REIServerPlugin END] Reloading Section: "reloadable-plugin/SlotAccessorRegistryImpl/FabricFluidAPISupportPlugin/"
[21:56:57] [main/TRACE] [REI] [REIServerPlugin END] Reloading Section: "reloadable-plugin/SlotAccessorRegistryImpl/FabricFluidAPISupportPlugin/" done in 12.90 μs
[21:56:57] [main/TRACE] [REI] [REIServerPlugin END] Reloading Section: "reloadable-plugin/SlotAccessorRegistryImpl/DefaultRuntimePlugin of DefaultRuntimePlugin [roughlyenoughitems]/"
[21:56:57] [main/DEBUG] [REI] Added slot accessor serializer: me.shedaniel.rei.plugin.common.runtime.DefaultRuntimePlugin$1@10e68f1c [roughlyenoughitems:vanilla]
[21:56:57] [main/DEBUG] [REI] Added slot accessor serializer: me.shedaniel.rei.plugin.common.runtime.DefaultRuntimePlugin$2@78d6035e [roughlyenoughitems:player]
[21:56:57] [main/TRACE] [REI] [REIServerPlugin END] Reloading Section: "reloadable-plugin/SlotAccessorRegistryImpl/DefaultRuntimePlugin of DefaultRuntimePlugin [roughlyenoughitems]/" done in 1.635 ms
[21:56:57] [main/TRACE] [REI] [REIServerPlugin END] Reloading Section: "reloadable-plugin/SlotAccessorRegistryImpl/" done in 1.760 ms
[21:56:57] [main/DEBUG] [REI] ========================================
[21:56:57] [main/DEBUG] [REI] REIServerPlugin ending main-reload for END.
[21:56:57] [main/DEBUG] [REI] ========================================
[21:56:57] [main/TRACE] [REI] [REIServerPlugin END] Reloading Section: "end-reload/"
[21:56:57] [main/TRACE] [REI] [REIServerPlugin END] Reloading Section: "end-reload/MenuInfoRegistryImpl/"
[21:56:57] [main/DEBUG] [REI] Registered 0 menu infos
[21:56:57] [main/TRACE] [REI] [REIServerPlugin END] Reloading Section: "end-reload/MenuInfoRegistryImpl/" done in 24.10 μs
[21:56:57] [main/TRACE] [REI] [REIServerPlugin END] Reloading Section: "end-reload/SlotAccessorRegistryImpl/"
[21:56:57] [main/DEBUG] [REI] Registered 2 slot accessor serializers
[21:56:57] [main/TRACE] [REI] [REIServerPlugin END] Reloading Section: "end-reload/SlotAccessorRegistryImpl/" done in 8.600 μs
[21:56:57] [main/TRACE] [REI] [REIServerPlugin END] Reloading Section: "end-reload/" done in 71.20 μs
[21:56:57] [main/DEBUG] [REI] ========================================
[21:56:57] [main/DEBUG] [REI] REIServerPlugin ended main-reload for END in 3.940 ms.
[21:56:57] [main/DEBUG] [REI] ========================================
[21:56:57] [main/DEBUG] [REI] ========================================
[21:56:57] [main/DEBUG] [REI] REIPlugin starting post-reload for END.
[21:56:57] [main/DEBUG] [REI] Reloadables (7):
[21:56:57] [main/DEBUG] [REI]  - EntryTypeRegistryImpl
[21:56:57] [main/DEBUG] [REI]  - EntrySettingsAdapterRegistryImpl
[21:56:57] [main/DEBUG] [REI]  - RecipeManagerContextImpl
[21:56:57] [main/DEBUG] [REI]  - ItemComparatorRegistryImpl
[21:56:57] [main/DEBUG] [REI]  - FluidComparatorRegistryImpl
[21:56:57] [main/DEBUG] [REI]  - DisplaySerializerRegistryImpl
[21:56:57] [main/DEBUG] [REI]  - FluidSupportProviderImpl
[21:56:57] [main/DEBUG] [REI] Plugins (3):
[21:56:57] [main/DEBUG] [REI]  - (-100,00) DefaultPlugin of DefaultPlugin [roughlyenoughitems]
[21:56:57] [main/DEBUG] [REI]  - (0,00) FabricFluidAPISupportPlugin
[21:56:57] [main/DEBUG] [REI]  - (0,00) DefaultRuntimePlugin of DefaultRuntimePlugin [roughlyenoughitems]
[21:56:57] [main/DEBUG] [REI] ========================================
[21:56:57] [main/TRACE] [REI] [REIPlugin END] Reloading Section: "post-register/"
[21:56:57] [main/TRACE] [REI] [REIPlugin END] Reloading Section: "post-register/DefaultPlugin of DefaultPlugin [roughlyenoughitems]/"
[21:56:57] [main/TRACE] [REI] [REIPlugin END] Reloading Section: "post-register/DefaultPlugin of DefaultPlugin [roughlyenoughitems]/" done in 6.300 μs
[21:56:57] [main/TRACE] [REI] [REIPlugin END] Reloading Section: "post-register/FabricFluidAPISupportPlugin/"
[21:56:57] [main/TRACE] [REI] [REIPlugin END] Reloading Section: "post-register/FabricFluidAPISupportPlugin/" done in 2.100 μs
[21:56:57] [main/TRACE] [REI] [REIPlugin END] Reloading Section: "post-register/DefaultRuntimePlugin of DefaultRuntimePlugin [roughlyenoughitems]/"
[21:56:57] [main/TRACE] [REI] [REIPlugin END] Reloading Section: "post-register/DefaultRuntimePlugin of DefaultRuntimePlugin [roughlyenoughitems]/" done in 1.800 μs
[21:56:57] [main/TRACE] [REI] [REIPlugin END] Reloading Section: "post-register/" done in 58.10 μs
[21:56:57] [main/TRACE] [REI] [REIPlugin END] Reloading Section: "post-stage/"
[21:56:57] [main/TRACE] [REI] [REIPlugin END] Reloading Section: "post-stage/EntryTypeRegistryImpl/"
[21:56:57] [main/TRACE] [REI] [REIPlugin END] Reloading Section: "post-stage/EntryTypeRegistryImpl/" done in 2.700 μs
[21:56:57] [main/TRACE] [REI] [REIPlugin END] Reloading Section: "post-stage/EntrySettingsAdapterRegistryImpl/"
[21:56:57] [main/TRACE] [REI] [REIPlugin END] Reloading Section: "post-stage/EntrySettingsAdapterRegistryImpl/" done in 1.300 μs
[21:56:57] [main/TRACE] [REI] [REIPlugin END] Reloading Section: "post-stage/RecipeManagerContextImpl/"
[21:56:57] [main/TRACE] [REI] [REIPlugin END] Reloading Section: "post-stage/RecipeManagerContextImpl/" done in 1.000 μs
[21:56:57] [main/TRACE] [REI] [REIPlugin END] Reloading Section: "post-stage/ItemComparatorRegistryImpl/"
[21:56:57] [main/TRACE] [REI] [REIPlugin END] Reloading Section: "post-stage/ItemComparatorRegistryImpl/" done in 1.200 μs
[21:56:57] [main/TRACE] [REI] [REIPlugin END] Reloading Section: "post-stage/FluidComparatorRegistryImpl/"
[21:56:57] [main/TRACE] [REI] [REIPlugin END] Reloading Section: "post-stage/FluidComparatorRegistryImpl/" done in 900.0 ns
[21:56:57] [main/TRACE] [REI] [REIPlugin END] Reloading Section: "post-stage/DisplaySerializerRegistryImpl/"
[21:56:57] [main/TRACE] [REI] [REIPlugin END] Reloading Section: "post-stage/DisplaySerializerRegistryImpl/" done in 1.000 μs
[21:56:57] [main/TRACE] [REI] [REIPlugin END] Reloading Section: "post-stage/FluidSupportProviderImpl/"
[21:56:57] [main/TRACE] [REI] [REIPlugin END] Reloading Section: "post-stage/FluidSupportProviderImpl/" done in 2.100 μs
[21:56:57] [main/TRACE] [REI] [REIPlugin END] Reloading Section: "post-stage/" done in 106.3 μs
[21:56:57] [main/DEBUG] [REI] ========================================
[21:56:57] [main/INFO] [REI] REIPlugin finished post-reload for END in 222.7 μs, totaling 31.08 ms.
[21:56:57] [main/DEBUG] [REI] ========================================
[21:56:57] [main/DEBUG] [REI] ========================================
[21:56:57] [main/DEBUG] [REI] REIServerPlugin starting post-reload for END.
[21:56:57] [main/DEBUG] [REI] Reloadables (2):
[21:56:57] [main/DEBUG] [REI]  - MenuInfoRegistryImpl
[21:56:57] [main/DEBUG] [REI]  - SlotAccessorRegistryImpl
[21:56:57] [main/DEBUG] [REI] Plugins (3):
[21:56:57] [main/DEBUG] [REI]  - (-100,00) DefaultPlugin of DefaultPlugin [roughlyenoughitems]
[21:56:57] [main/DEBUG] [REI]  - (0,00) FabricFluidAPISupportPlugin
[21:56:57] [main/DEBUG] [REI]  - (0,00) DefaultRuntimePlugin of DefaultRuntimePlugin [roughlyenoughitems]
[21:56:57] [main/DEBUG] [REI] ========================================
[21:56:57] [main/TRACE] [REI] [REIServerPlugin END] Reloading Section: "post-register/"
[21:56:57] [main/TRACE] [REI] [REIServerPlugin END] Reloading Section: "post-register/DefaultPlugin of DefaultPlugin [roughlyenoughitems]/"
[21:56:57] [main/TRACE] [REI] [REIServerPlugin END] Reloading Section: "post-register/DefaultPlugin of DefaultPlugin [roughlyenoughitems]/" done in 7.900 μs
[21:56:57] [main/TRACE] [REI] [REIServerPlugin END] Reloading Section: "post-register/FabricFluidAPISupportPlugin/"
[21:56:57] [main/TRACE] [REI] [REIServerPlugin END] Reloading Section: "post-register/FabricFluidAPISupportPlugin/" done in 2.600 μs
[21:56:57] [main/TRACE] [REI] [REIServerPlugin END] Reloading Section: "post-register/DefaultRuntimePlugin of DefaultRuntimePlugin [roughlyenoughitems]/"
[21:56:57] [main/TRACE] [REI] [REIServerPlugin END] Reloading Section: "post-register/DefaultRuntimePlugin of DefaultRuntimePlugin [roughlyenoughitems]/" done in 1.900 μs
[21:56:57] [main/TRACE] [REI] [REIServerPlugin END] Reloading Section: "post-register/" done in 69.50 μs
[21:56:57] [main/TRACE] [REI] [REIServerPlugin END] Reloading Section: "post-stage/"
[21:56:57] [main/TRACE] [REI] [REIServerPlugin END] Reloading Section: "post-stage/MenuInfoRegistryImpl/"
[21:56:57] [main/TRACE] [REI] [REIServerPlugin END] Reloading Section: "post-stage/MenuInfoRegistryImpl/" done in 3.600 μs
[21:56:57] [main/TRACE] [REI] [REIServerPlugin END] Reloading Section: "post-stage/SlotAccessorRegistryImpl/"
[21:56:57] [main/TRACE] [REI] [REIServerPlugin END] Reloading Section: "post-stage/SlotAccessorRegistryImpl/" done in 1.800 μs
[21:56:57] [main/TRACE] [REI] [REIServerPlugin END] Reloading Section: "post-stage/" done in 51.80 μs
[21:56:57] [main/DEBUG] [REI] ========================================
[21:56:57] [main/INFO] [REI] REIServerPlugin finished post-reload for END in 171.7 μs, totaling 4.362 ms.
[21:56:57] [main/DEBUG] [REI] ========================================
